{"C:\\Users\\Proception\\Desktop\\And challenge\\Andela Challenge BootCamp\\Fast Food Fast Project\\fast-food-app\\models\\orders.js":{"path":"C:\\Users\\Proception\\Desktop\\And challenge\\Andela Challenge BootCamp\\Fast Food Fast Project\\fast-food-app\\models\\orders.js","statementMap":{"0":{"start":{"line":3,"column":0},"end":{"line":5,"column":3}},"1":{"start":{"line":7,"column":50},"end":{"line":7,"column":151}},"2":{"start":{"line":7,"column":92},"end":{"line":7,"column":149}},"3":{"start":{"line":9,"column":13},"end":{"line":18,"column":1}},"4":{"start":{"line":10,"column":2},"end":{"line":10,"column":32}},"5":{"start":{"line":12,"column":2},"end":{"line":12,"column":25}},"6":{"start":{"line":13,"column":2},"end":{"line":13,"column":29}},"7":{"start":{"line":14,"column":2},"end":{"line":14,"column":33}},"8":{"start":{"line":15,"column":2},"end":{"line":15,"column":33}},"9":{"start":{"line":16,"column":2},"end":{"line":16,"column":41}},"10":{"start":{"line":17,"column":2},"end":{"line":17,"column":23}},"11":{"start":{"line":20,"column":0},"end":{"line":20,"column":25}}},"fnMap":{"0":{"name":"_classCallCheck","decl":{"start":{"line":7,"column":9},"end":{"line":7,"column":24}},"loc":{"start":{"line":7,"column":48},"end":{"line":7,"column":153}},"line":7},"1":{"name":"Orders","decl":{"start":{"line":9,"column":22},"end":{"line":9,"column":28}},"loc":{"start":{"line":9,"column":100},"end":{"line":18,"column":1}},"line":9}},"branchMap":{"0":{"loc":{"start":{"line":7,"column":50},"end":{"line":7,"column":151}},"type":"if","locations":[{"start":{"line":7,"column":50},"end":{"line":7,"column":151}},{"start":{"line":7,"column":50},"end":{"line":7,"column":151}}],"line":7}},"s":{"0":1,"1":1,"2":0,"3":1,"4":1,"5":1,"6":1,"7":1,"8":1,"9":1,"10":1,"11":1},"f":{"0":1,"1":1},"b":{"0":[0,1]},"_coverageSchema":"43e27e138ebf9cfc5966b082cf9a028302ed4184","hash":"2ffefc2a51f3faa3d31447e302eacb58884e717a","contentHash":"78ed579f9b977150df3ca4b7db70cf5a"},"C:\\Users\\Proception\\Desktop\\And challenge\\Andela Challenge BootCamp\\Fast Food Fast Project\\fast-food-app\\app.js":{"path":"C:\\Users\\Proception\\Desktop\\And challenge\\Andela Challenge BootCamp\\Fast Food Fast Project\\fast-food-app\\app.js","statementMap":{"0":{"start":{"line":3,"column":0},"end":{"line":5,"column":3}},"1":{"start":{"line":7,"column":15},"end":{"line":7,"column":33}},"2":{"start":{"line":9,"column":16},"end":{"line":9,"column":48}},"3":{"start":{"line":11,"column":18},"end":{"line":11,"column":40}},"4":{"start":{"line":13,"column":19},"end":{"line":13,"column":54}},"5":{"start":{"line":15,"column":14},"end":{"line":15,"column":40}},"6":{"start":{"line":17,"column":15},"end":{"line":17,"column":46}},"7":{"start":{"line":19,"column":13},"end":{"line":19,"column":38}},"8":{"start":{"line":21,"column":14},"end":{"line":21,"column":44}},"9":{"start":{"line":23,"column":13},"end":{"line":23,"column":38}},"10":{"start":{"line":25,"column":14},"end":{"line":25,"column":44}},"11":{"start":{"line":27,"column":13},"end":{"line":27,"column":38}},"12":{"start":{"line":29,"column":14},"end":{"line":29,"column":44}},"13":{"start":{"line":31,"column":12},"end":{"line":31,"column":36}},"14":{"start":{"line":33,"column":13},"end":{"line":33,"column":42}},"15":{"start":{"line":35,"column":39},"end":{"line":35,"column":93}},"16":{"start":{"line":37,"column":10},"end":{"line":37,"column":34}},"17":{"start":{"line":39,"column":0},"end":{"line":39,"column":62}},"18":{"start":{"line":40,"column":0},"end":{"line":40,"column":37}},"19":{"start":{"line":42,"column":0},"end":{"line":42,"column":44}},"20":{"start":{"line":43,"column":0},"end":{"line":43,"column":42}},"21":{"start":{"line":44,"column":0},"end":{"line":44,"column":42}},"22":{"start":{"line":45,"column":0},"end":{"line":45,"column":40}},"23":{"start":{"line":46,"column":0},"end":{"line":46,"column":30}},"24":{"start":{"line":48,"column":0},"end":{"line":50,"column":3}},"25":{"start":{"line":52,"column":0},"end":{"line":52,"column":22}}},"fnMap":{"0":{"name":"_interopRequireDefault","decl":{"start":{"line":35,"column":9},"end":{"line":35,"column":31}},"loc":{"start":{"line":35,"column":37},"end":{"line":35,"column":95}},"line":35},"1":{"name":"(anonymous_1)","decl":{"start":{"line":48,"column":37},"end":{"line":48,"column":38}},"loc":{"start":{"line":48,"column":49},"end":{"line":50,"column":1}},"line":48}},"branchMap":{"0":{"loc":{"start":{"line":35,"column":46},"end":{"line":35,"column":92}},"type":"cond-expr","locations":[{"start":{"line":35,"column":70},"end":{"line":35,"column":73}},{"start":{"line":35,"column":76},"end":{"line":35,"column":92}}],"line":35},"1":{"loc":{"start":{"line":35,"column":46},"end":{"line":35,"column":67}},"type":"binary-expr","locations":[{"start":{"line":35,"column":46},"end":{"line":35,"column":49}},{"start":{"line":35,"column":53},"end":{"line":35,"column":67}}],"line":35},"2":{"loc":{"start":{"line":48,"column":11},"end":{"line":48,"column":35}},"type":"binary-expr","locations":[{"start":{"line":48,"column":11},"end":{"line":48,"column":27}},{"start":{"line":48,"column":31},"end":{"line":48,"column":35}}],"line":48}},"s":{"0":1,"1":1,"2":1,"3":1,"4":1,"5":1,"6":1,"7":1,"8":1,"9":1,"10":1,"11":1,"12":1,"13":1,"14":1,"15":7,"16":1,"17":1,"18":1,"19":1,"20":1,"21":1,"22":1,"23":1,"24":1,"25":1},"f":{"0":7,"1":1},"b":{"0":[5,2],"1":[7,7],"2":[1,1]},"_coverageSchema":"43e27e138ebf9cfc5966b082cf9a028302ed4184","hash":"648486a13937f19fefbcdbb7c1d583415592d2e6","contentHash":"dad880a4dfe9b5e58f5ba89fc8c13cab"},"C:\\Users\\Proception\\Desktop\\And challenge\\Andela Challenge BootCamp\\Fast Food Fast Project\\fast-food-app\\routes\\orders.js":{"path":"C:\\Users\\Proception\\Desktop\\And challenge\\Andela Challenge BootCamp\\Fast Food Fast Project\\fast-food-app\\routes\\orders.js","statementMap":{"0":{"start":{"line":3,"column":0},"end":{"line":5,"column":3}},"1":{"start":{"line":7,"column":23},"end":{"line":7,"column":64}},"2":{"start":{"line":9,"column":24},"end":{"line":9,"column":64}},"3":{"start":{"line":11,"column":39},"end":{"line":11,"column":93}},"4":{"start":{"line":13,"column":14},"end":{"line":13,"column":32}},"5":{"start":{"line":16,"column":13},"end":{"line":16,"column":29}},"6":{"start":{"line":19,"column":15},"end":{"line":19,"column":21}},"7":{"start":{"line":21,"column":13},"end":{"line":21,"column":52}},"8":{"start":{"line":24,"column":0},"end":{"line":29,"column":3}},"9":{"start":{"line":26,"column":15},"end":{"line":26,"column":50}},"10":{"start":{"line":28,"column":2},"end":{"line":28,"column":39}},"11":{"start":{"line":32,"column":0},"end":{"line":37,"column":3}},"12":{"start":{"line":34,"column":15},"end":{"line":34,"column":46}},"13":{"start":{"line":36,"column":2},"end":{"line":36,"column":39}},"14":{"start":{"line":39,"column":0},"end":{"line":44,"column":3}},"15":{"start":{"line":41,"column":15},"end":{"line":41,"column":49}},"16":{"start":{"line":43,"column":2},"end":{"line":43,"column":39}},"17":{"start":{"line":47,"column":0},"end":{"line":52,"column":3}},"18":{"start":{"line":49,"column":15},"end":{"line":49,"column":49}},"19":{"start":{"line":51,"column":2},"end":{"line":51,"column":39}},"20":{"start":{"line":55,"column":0},"end":{"line":60,"column":3}},"21":{"start":{"line":57,"column":15},"end":{"line":57,"column":49}},"22":{"start":{"line":59,"column":2},"end":{"line":59,"column":39}},"23":{"start":{"line":62,"column":0},"end":{"line":62,"column":25}}},"fnMap":{"0":{"name":"_interopRequireDefault","decl":{"start":{"line":11,"column":9},"end":{"line":11,"column":31}},"loc":{"start":{"line":11,"column":37},"end":{"line":11,"column":95}},"line":11},"1":{"name":"(anonymous_1)","decl":{"start":{"line":24,"column":16},"end":{"line":24,"column":17}},"loc":{"start":{"line":24,"column":42},"end":{"line":29,"column":1}},"line":24},"2":{"name":"(anonymous_2)","decl":{"start":{"line":32,"column":19},"end":{"line":32,"column":20}},"loc":{"start":{"line":32,"column":45},"end":{"line":37,"column":1}},"line":32},"3":{"name":"(anonymous_3)","decl":{"start":{"line":39,"column":17},"end":{"line":39,"column":18}},"loc":{"start":{"line":39,"column":43},"end":{"line":44,"column":1}},"line":39},"4":{"name":"(anonymous_4)","decl":{"start":{"line":47,"column":19},"end":{"line":47,"column":20}},"loc":{"start":{"line":47,"column":45},"end":{"line":52,"column":1}},"line":47},"5":{"name":"(anonymous_5)","decl":{"start":{"line":55,"column":22},"end":{"line":55,"column":23}},"loc":{"start":{"line":55,"column":48},"end":{"line":60,"column":1}},"line":55}},"branchMap":{"0":{"loc":{"start":{"line":11,"column":46},"end":{"line":11,"column":92}},"type":"cond-expr","locations":[{"start":{"line":11,"column":70},"end":{"line":11,"column":73}},{"start":{"line":11,"column":76},"end":{"line":11,"column":92}}],"line":11},"1":{"loc":{"start":{"line":11,"column":46},"end":{"line":11,"column":67}},"type":"binary-expr","locations":[{"start":{"line":11,"column":46},"end":{"line":11,"column":49}},{"start":{"line":11,"column":53},"end":{"line":11,"column":67}}],"line":11}},"s":{"0":1,"1":1,"2":1,"3":1,"4":1,"5":1,"6":1,"7":1,"8":1,"9":3,"10":3,"11":1,"12":4,"13":4,"14":1,"15":4,"16":4,"17":1,"18":4,"19":4,"20":1,"21":4,"22":4,"23":1},"f":{"0":1,"1":3,"2":4,"3":4,"4":4,"5":4},"b":{"0":[1,0],"1":[1,1]},"_coverageSchema":"43e27e138ebf9cfc5966b082cf9a028302ed4184","hash":"1200251802d88c6c4dea456cb80b782425ddd8ce","contentHash":"6222c91f68822a24fada6c2a0436551c"},"C:\\Users\\Proception\\Desktop\\And challenge\\Andela Challenge BootCamp\\Fast Food Fast Project\\fast-food-app\\controllers\\orderController.js":{"path":"C:\\Users\\Proception\\Desktop\\And challenge\\Andela Challenge BootCamp\\Fast Food Fast Project\\fast-food-app\\controllers\\orderController.js","statementMap":{"0":{"start":{"line":3,"column":0},"end":{"line":5,"column":3}},"1":{"start":{"line":7,"column":14},"end":{"line":7,"column":268}},"2":{"start":{"line":7,"column":101},"end":{"line":7,"column":119}},"3":{"start":{"line":7,"column":141},"end":{"line":7,"column":266}},"4":{"start":{"line":9,"column":19},"end":{"line":9,"column":563}},"5":{"start":{"line":9,"column":76},"end":{"line":9,"column":347}},"6":{"start":{"line":9,"column":134},"end":{"line":9,"column":142}},"7":{"start":{"line":9,"column":144},"end":{"line":9,"column":199}},"8":{"start":{"line":9,"column":200},"end":{"line":9,"column":231}},"9":{"start":{"line":9,"column":232},"end":{"line":9,"column":286}},"10":{"start":{"line":9,"column":259},"end":{"line":9,"column":286}},"11":{"start":{"line":9,"column":287},"end":{"line":9,"column":345}},"12":{"start":{"line":9,"column":350},"end":{"line":9,"column":559}},"13":{"start":{"line":9,"column":407},"end":{"line":9,"column":475}},"14":{"start":{"line":9,"column":423},"end":{"line":9,"column":475}},"15":{"start":{"line":9,"column":476},"end":{"line":9,"column":536}},"16":{"start":{"line":9,"column":493},"end":{"line":9,"column":536}},"17":{"start":{"line":9,"column":537},"end":{"line":9,"column":556}},"18":{"start":{"line":11,"column":9},"end":{"line":11,"column":27}},"19":{"start":{"line":13,"column":10},"end":{"line":13,"column":36}},"20":{"start":{"line":15,"column":16},"end":{"line":15,"column":45}},"21":{"start":{"line":17,"column":17},"end":{"line":17,"column":50}},"22":{"start":{"line":19,"column":17},"end":{"line":19,"column":46}},"23":{"start":{"line":21,"column":18},"end":{"line":21,"column":52}},"24":{"start":{"line":23,"column":17},"end":{"line":23,"column":46}},"25":{"start":{"line":25,"column":18},"end":{"line":25,"column":52}},"26":{"start":{"line":27,"column":16},"end":{"line":27,"column":44}},"27":{"start":{"line":29,"column":13},"end":{"line":29,"column":35}},"28":{"start":{"line":31,"column":14},"end":{"line":31,"column":44}},"29":{"start":{"line":33,"column":14},"end":{"line":33,"column":37}},"30":{"start":{"line":35,"column":15},"end":{"line":35,"column":46}},"31":{"start":{"line":37,"column":18},"end":{"line":37,"column":45}},"32":{"start":{"line":39,"column":19},"end":{"line":39,"column":54}},"33":{"start":{"line":41,"column":39},"end":{"line":41,"column":93}},"34":{"start":{"line":43,"column":50},"end":{"line":43,"column":151}},"35":{"start":{"line":43,"column":92},"end":{"line":43,"column":149}},"36":{"start":{"line":45,"column":22},"end":{"line":217,"column":3}},"37":{"start":{"line":48,"column":4},"end":{"line":48,"column":43}},"38":{"start":{"line":50,"column":4},"end":{"line":50,"column":29}},"39":{"start":{"line":53,"column":2},"end":{"line":214,"column":6}},"40":{"start":{"line":56,"column":18},"end":{"line":56,"column":22}},"41":{"start":{"line":58,"column":18},"end":{"line":58,"column":82}},"42":{"start":{"line":59,"column":6},"end":{"line":59,"column":46}},"43":{"start":{"line":61,"column":6},"end":{"line":70,"column":7}},"44":{"start":{"line":62,"column":21},"end":{"line":62,"column":24}},"45":{"start":{"line":63,"column":8},"end":{"line":65,"column":11}},"46":{"start":{"line":64,"column":10},"end":{"line":64,"column":86}},"47":{"start":{"line":66,"column":13},"end":{"line":70,"column":7}},"48":{"start":{"line":67,"column":8},"end":{"line":67,"column":109}},"49":{"start":{"line":69,"column":8},"end":{"line":69,"column":91}},"50":{"start":{"line":71,"column":6},"end":{"line":71,"column":27}},"51":{"start":{"line":79,"column":18},"end":{"line":79,"column":77}},"52":{"start":{"line":80,"column":6},"end":{"line":111,"column":7}},"53":{"start":{"line":82,"column":19},"end":{"line":82,"column":27}},"54":{"start":{"line":83,"column":21},"end":{"line":83,"column":27}},"55":{"start":{"line":84,"column":22},"end":{"line":84,"column":40}},"56":{"start":{"line":87,"column":8},"end":{"line":106,"column":9}},"57":{"start":{"line":88,"column":10},"end":{"line":88,"column":23}},"58":{"start":{"line":90,"column":10},"end":{"line":90,"column":149}},"59":{"start":{"line":92,"column":10},"end":{"line":98,"column":11}},"60":{"start":{"line":93,"column":23},"end":{"line":93,"column":93}},"61":{"start":{"line":94,"column":12},"end":{"line":97,"column":15}},"62":{"start":{"line":96,"column":14},"end":{"line":96,"column":134}},"63":{"start":{"line":99,"column":10},"end":{"line":99,"column":33}},"64":{"start":{"line":100,"column":10},"end":{"line":100,"column":73}},"65":{"start":{"line":103,"column":10},"end":{"line":103,"column":23}},"66":{"start":{"line":104,"column":10},"end":{"line":104,"column":99}},"67":{"start":{"line":107,"column":13},"end":{"line":111,"column":7}},"68":{"start":{"line":108,"column":8},"end":{"line":108,"column":109}},"69":{"start":{"line":110,"column":8},"end":{"line":110,"column":91}},"70":{"start":{"line":112,"column":6},"end":{"line":112,"column":27}},"71":{"start":{"line":120,"column":18},"end":{"line":120,"column":82}},"72":{"start":{"line":121,"column":6},"end":{"line":121,"column":46}},"73":{"start":{"line":123,"column":6},"end":{"line":142,"column":7}},"74":{"start":{"line":124,"column":17},"end":{"line":124,"column":30}},"75":{"start":{"line":126,"column":25},"end":{"line":126,"column":85}},"76":{"start":{"line":127,"column":24},"end":{"line":127,"column":92}},"77":{"start":{"line":129,"column":21},"end":{"line":129,"column":61}},"78":{"start":{"line":130,"column":8},"end":{"line":137,"column":9}},"79":{"start":{"line":131,"column":10},"end":{"line":131,"column":51}},"80":{"start":{"line":132,"column":10},"end":{"line":132,"column":84}},"81":{"start":{"line":135,"column":10},"end":{"line":135,"column":91}},"82":{"start":{"line":138,"column":13},"end":{"line":142,"column":7}},"83":{"start":{"line":139,"column":8},"end":{"line":139,"column":109}},"84":{"start":{"line":141,"column":8},"end":{"line":141,"column":91}},"85":{"start":{"line":143,"column":6},"end":{"line":143,"column":27}},"86":{"start":{"line":151,"column":18},"end":{"line":151,"column":82}},"87":{"start":{"line":152,"column":6},"end":{"line":152,"column":46}},"88":{"start":{"line":154,"column":6},"end":{"line":180,"column":7}},"89":{"start":{"line":155,"column":17},"end":{"line":155,"column":30}},"90":{"start":{"line":158,"column":26},"end":{"line":158,"column":46}},"91":{"start":{"line":160,"column":25},"end":{"line":160,"column":85}},"92":{"start":{"line":162,"column":21},"end":{"line":162,"column":129}},"93":{"start":{"line":166,"column":8},"end":{"line":175,"column":9}},"94":{"start":{"line":169,"column":10},"end":{"line":169,"column":47}},"95":{"start":{"line":170,"column":10},"end":{"line":170,"column":84}},"96":{"start":{"line":173,"column":10},"end":{"line":173,"column":95}},"97":{"start":{"line":176,"column":13},"end":{"line":180,"column":7}},"98":{"start":{"line":177,"column":8},"end":{"line":177,"column":109}},"99":{"start":{"line":179,"column":8},"end":{"line":179,"column":91}},"100":{"start":{"line":181,"column":6},"end":{"line":181,"column":27}},"101":{"start":{"line":189,"column":18},"end":{"line":189,"column":82}},"102":{"start":{"line":190,"column":6},"end":{"line":190,"column":46}},"103":{"start":{"line":192,"column":6},"end":{"line":211,"column":7}},"104":{"start":{"line":193,"column":17},"end":{"line":193,"column":30}},"105":{"start":{"line":195,"column":19},"end":{"line":195,"column":80}},"106":{"start":{"line":196,"column":23},"end":{"line":196,"column":36}},"107":{"start":{"line":201,"column":21},"end":{"line":201,"column":47}},"108":{"start":{"line":202,"column":8},"end":{"line":206,"column":9}},"109":{"start":{"line":203,"column":10},"end":{"line":203,"column":106}},"110":{"start":{"line":205,"column":10},"end":{"line":205,"column":95}},"111":{"start":{"line":207,"column":13},"end":{"line":211,"column":7}},"112":{"start":{"line":208,"column":8},"end":{"line":208,"column":109}},"113":{"start":{"line":210,"column":8},"end":{"line":210,"column":91}},"114":{"start":{"line":212,"column":6},"end":{"line":212,"column":27}},"115":{"start":{"line":216,"column":2},"end":{"line":216,"column":25}},"116":{"start":{"line":219,"column":0},"end":{"line":219,"column":34}}},"fnMap":{"0":{"name":"(anonymous_0)","decl":{"start":{"line":7,"column":84},"end":{"line":7,"column":85}},"loc":{"start":{"line":7,"column":99},"end":{"line":7,"column":121}},"line":7},"1":{"name":"(anonymous_1)","decl":{"start":{"line":7,"column":124},"end":{"line":7,"column":125}},"loc":{"start":{"line":7,"column":139},"end":{"line":7,"column":268}},"line":7},"2":{"name":"(anonymous_2)","decl":{"start":{"line":9,"column":19},"end":{"line":9,"column":20}},"loc":{"start":{"line":9,"column":31},"end":{"line":9,"column":561}},"line":9},"3":{"name":"defineProperties","decl":{"start":{"line":9,"column":42},"end":{"line":9,"column":58}},"loc":{"start":{"line":9,"column":74},"end":{"line":9,"column":349}},"line":9},"4":{"name":"(anonymous_4)","decl":{"start":{"line":9,"column":357},"end":{"line":9,"column":358}},"loc":{"start":{"line":9,"column":405},"end":{"line":9,"column":558}},"line":9},"5":{"name":"_interopRequireDefault","decl":{"start":{"line":41,"column":9},"end":{"line":41,"column":31}},"loc":{"start":{"line":41,"column":37},"end":{"line":41,"column":95}},"line":41},"6":{"name":"_classCallCheck","decl":{"start":{"line":43,"column":9},"end":{"line":43,"column":24}},"loc":{"start":{"line":43,"column":48},"end":{"line":43,"column":153}},"line":43},"7":{"name":"(anonymous_7)","decl":{"start":{"line":45,"column":22},"end":{"line":45,"column":23}},"loc":{"start":{"line":45,"column":34},"end":{"line":217,"column":1}},"line":45},"8":{"name":"OrderController","decl":{"start":{"line":47,"column":11},"end":{"line":47,"column":26}},"loc":{"start":{"line":47,"column":37},"end":{"line":51,"column":3}},"line":47},"9":{"name":"getOrderList","decl":{"start":{"line":55,"column":26},"end":{"line":55,"column":38}},"loc":{"start":{"line":55,"column":44},"end":{"line":72,"column":5}},"line":55},"10":{"name":"(anonymous_10)","decl":{"start":{"line":63,"column":76},"end":{"line":63,"column":77}},"loc":{"start":{"line":63,"column":92},"end":{"line":65,"column":9}},"line":63},"11":{"name":"createOrder","decl":{"start":{"line":78,"column":26},"end":{"line":78,"column":37}},"loc":{"start":{"line":78,"column":43},"end":{"line":113,"column":5}},"line":78},"12":{"name":"(anonymous_12)","decl":{"start":{"line":94,"column":25},"end":{"line":94,"column":26}},"loc":{"start":{"line":94,"column":47},"end":{"line":97,"column":13}},"line":94},"13":{"name":"getOrder","decl":{"start":{"line":119,"column":26},"end":{"line":119,"column":34}},"loc":{"start":{"line":119,"column":40},"end":{"line":144,"column":5}},"line":119},"14":{"name":"updateOrder","decl":{"start":{"line":150,"column":26},"end":{"line":150,"column":37}},"loc":{"start":{"line":150,"column":43},"end":{"line":182,"column":5}},"line":150},"15":{"name":"deleteOrder","decl":{"start":{"line":188,"column":26},"end":{"line":188,"column":37}},"loc":{"start":{"line":188,"column":43},"end":{"line":213,"column":5}},"line":188}},"branchMap":{"0":{"loc":{"start":{"line":7,"column":14},"end":{"line":7,"column":268}},"type":"cond-expr","locations":[{"start":{"line":7,"column":84},"end":{"line":7,"column":121}},{"start":{"line":7,"column":124},"end":{"line":7,"column":268}}],"line":7},"1":{"loc":{"start":{"line":7,"column":14},"end":{"line":7,"column":81}},"type":"binary-expr","locations":[{"start":{"line":7,"column":14},"end":{"line":7,"column":42}},{"start":{"line":7,"column":46},"end":{"line":7,"column":81}}],"line":7},"2":{"loc":{"start":{"line":7,"column":148},"end":{"line":7,"column":265}},"type":"cond-expr","locations":[{"start":{"line":7,"column":244},"end":{"line":7,"column":252}},{"start":{"line":7,"column":255},"end":{"line":7,"column":265}}],"line":7},"3":{"loc":{"start":{"line":7,"column":148},"end":{"line":7,"column":241}},"type":"binary-expr","locations":[{"start":{"line":7,"column":148},"end":{"line":7,"column":151}},{"start":{"line":7,"column":155},"end":{"line":7,"column":183}},{"start":{"line":7,"column":187},"end":{"line":7,"column":213}},{"start":{"line":7,"column":217},"end":{"line":7,"column":241}}],"line":7},"4":{"loc":{"start":{"line":9,"column":168},"end":{"line":9,"column":198}},"type":"binary-expr","locations":[{"start":{"line":9,"column":168},"end":{"line":9,"column":189}},{"start":{"line":9,"column":193},"end":{"line":9,"column":198}}],"line":9},"5":{"loc":{"start":{"line":9,"column":232},"end":{"line":9,"column":286}},"type":"if","locations":[{"start":{"line":9,"column":232},"end":{"line":9,"column":286}},{"start":{"line":9,"column":232},"end":{"line":9,"column":286}}],"line":9},"6":{"loc":{"start":{"line":9,"column":407},"end":{"line":9,"column":475}},"type":"if","locations":[{"start":{"line":9,"column":407},"end":{"line":9,"column":475}},{"start":{"line":9,"column":407},"end":{"line":9,"column":475}}],"line":9},"7":{"loc":{"start":{"line":9,"column":476},"end":{"line":9,"column":536}},"type":"if","locations":[{"start":{"line":9,"column":476},"end":{"line":9,"column":536}},{"start":{"line":9,"column":476},"end":{"line":9,"column":536}}],"line":9},"8":{"loc":{"start":{"line":41,"column":46},"end":{"line":41,"column":92}},"type":"cond-expr","locations":[{"start":{"line":41,"column":70},"end":{"line":41,"column":73}},{"start":{"line":41,"column":76},"end":{"line":41,"column":92}}],"line":41},"9":{"loc":{"start":{"line":41,"column":46},"end":{"line":41,"column":67}},"type":"binary-expr","locations":[{"start":{"line":41,"column":46},"end":{"line":41,"column":49}},{"start":{"line":41,"column":53},"end":{"line":41,"column":67}}],"line":41},"10":{"loc":{"start":{"line":43,"column":50},"end":{"line":43,"column":151}},"type":"if","locations":[{"start":{"line":43,"column":50},"end":{"line":43,"column":151}},{"start":{"line":43,"column":50},"end":{"line":43,"column":151}}],"line":43},"11":{"loc":{"start":{"line":61,"column":6},"end":{"line":70,"column":7}},"type":"if","locations":[{"start":{"line":61,"column":6},"end":{"line":70,"column":7}},{"start":{"line":61,"column":6},"end":{"line":70,"column":7}}],"line":61},"12":{"loc":{"start":{"line":66,"column":13},"end":{"line":70,"column":7}},"type":"if","locations":[{"start":{"line":66,"column":13},"end":{"line":70,"column":7}},{"start":{"line":66,"column":13},"end":{"line":70,"column":7}}],"line":66},"13":{"loc":{"start":{"line":80,"column":6},"end":{"line":111,"column":7}},"type":"if","locations":[{"start":{"line":80,"column":6},"end":{"line":111,"column":7}},{"start":{"line":80,"column":6},"end":{"line":111,"column":7}}],"line":80},"14":{"loc":{"start":{"line":87,"column":8},"end":{"line":106,"column":9}},"type":"if","locations":[{"start":{"line":87,"column":8},"end":{"line":106,"column":9}},{"start":{"line":87,"column":8},"end":{"line":106,"column":9}}],"line":87},"15":{"loc":{"start":{"line":92,"column":10},"end":{"line":98,"column":11}},"type":"if","locations":[{"start":{"line":92,"column":10},"end":{"line":98,"column":11}},{"start":{"line":92,"column":10},"end":{"line":98,"column":11}}],"line":92},"16":{"loc":{"start":{"line":93,"column":23},"end":{"line":93,"column":93}},"type":"cond-expr","locations":[{"start":{"line":93,"column":60},"end":{"line":93,"column":69}},{"start":{"line":93,"column":72},"end":{"line":93,"column":93}}],"line":93},"17":{"loc":{"start":{"line":107,"column":13},"end":{"line":111,"column":7}},"type":"if","locations":[{"start":{"line":107,"column":13},"end":{"line":111,"column":7}},{"start":{"line":107,"column":13},"end":{"line":111,"column":7}}],"line":107},"18":{"loc":{"start":{"line":123,"column":6},"end":{"line":142,"column":7}},"type":"if","locations":[{"start":{"line":123,"column":6},"end":{"line":142,"column":7}},{"start":{"line":123,"column":6},"end":{"line":142,"column":7}}],"line":123},"19":{"loc":{"start":{"line":129,"column":21},"end":{"line":129,"column":61}},"type":"cond-expr","locations":[{"start":{"line":129,"column":52},"end":{"line":129,"column":55}},{"start":{"line":129,"column":58},"end":{"line":129,"column":61}}],"line":129},"20":{"loc":{"start":{"line":130,"column":8},"end":{"line":137,"column":9}},"type":"if","locations":[{"start":{"line":130,"column":8},"end":{"line":137,"column":9}},{"start":{"line":130,"column":8},"end":{"line":137,"column":9}}],"line":130},"21":{"loc":{"start":{"line":138,"column":13},"end":{"line":142,"column":7}},"type":"if","locations":[{"start":{"line":138,"column":13},"end":{"line":142,"column":7}},{"start":{"line":138,"column":13},"end":{"line":142,"column":7}}],"line":138},"22":{"loc":{"start":{"line":154,"column":6},"end":{"line":180,"column":7}},"type":"if","locations":[{"start":{"line":154,"column":6},"end":{"line":180,"column":7}},{"start":{"line":154,"column":6},"end":{"line":180,"column":7}}],"line":154},"23":{"loc":{"start":{"line":162,"column":21},"end":{"line":162,"column":129}},"type":"cond-expr","locations":[{"start":{"line":162,"column":49},"end":{"line":162,"column":52}},{"start":{"line":162,"column":55},"end":{"line":162,"column":129}}],"line":162},"24":{"loc":{"start":{"line":166,"column":8},"end":{"line":175,"column":9}},"type":"if","locations":[{"start":{"line":166,"column":8},"end":{"line":175,"column":9}},{"start":{"line":166,"column":8},"end":{"line":175,"column":9}}],"line":166},"25":{"loc":{"start":{"line":176,"column":13},"end":{"line":180,"column":7}},"type":"if","locations":[{"start":{"line":176,"column":13},"end":{"line":180,"column":7}},{"start":{"line":176,"column":13},"end":{"line":180,"column":7}}],"line":176},"26":{"loc":{"start":{"line":192,"column":6},"end":{"line":211,"column":7}},"type":"if","locations":[{"start":{"line":192,"column":6},"end":{"line":211,"column":7}},{"start":{"line":192,"column":6},"end":{"line":211,"column":7}}],"line":192},"27":{"loc":{"start":{"line":201,"column":21},"end":{"line":201,"column":47}},"type":"cond-expr","locations":[{"start":{"line":201,"column":38},"end":{"line":201,"column":41}},{"start":{"line":201,"column":44},"end":{"line":201,"column":47}}],"line":201},"28":{"loc":{"start":{"line":202,"column":8},"end":{"line":206,"column":9}},"type":"if","locations":[{"start":{"line":202,"column":8},"end":{"line":206,"column":9}},{"start":{"line":202,"column":8},"end":{"line":206,"column":9}}],"line":202},"29":{"loc":{"start":{"line":207,"column":13},"end":{"line":211,"column":7}},"type":"if","locations":[{"start":{"line":207,"column":13},"end":{"line":211,"column":7}},{"start":{"line":207,"column":13},"end":{"line":211,"column":7}}],"line":207}},"s":{"0":1,"1":1,"2":1,"3":0,"4":1,"5":1,"6":5,"7":5,"8":5,"9":5,"10":5,"11":5,"12":1,"13":1,"14":1,"15":1,"16":0,"17":1,"18":1,"19":1,"20":1,"21":1,"22":1,"23":1,"24":1,"25":1,"26":1,"27":1,"28":1,"29":1,"30":1,"31":1,"32":1,"33":7,"34":1,"35":0,"36":1,"37":1,"38":1,"39":1,"40":3,"41":3,"42":3,"43":3,"44":1,"45":1,"46":1,"47":2,"48":1,"49":1,"50":3,"51":4,"52":4,"53":2,"54":2,"55":2,"56":2,"57":1,"58":1,"59":1,"60":1,"61":1,"62":2,"63":1,"64":1,"65":1,"66":1,"67":2,"68":1,"69":1,"70":4,"71":4,"72":4,"73":4,"74":2,"75":2,"76":2,"77":2,"78":2,"79":1,"80":1,"81":1,"82":2,"83":1,"84":1,"85":4,"86":4,"87":4,"88":4,"89":2,"90":2,"91":2,"92":2,"93":2,"94":1,"95":1,"96":1,"97":2,"98":1,"99":1,"100":4,"101":4,"102":4,"103":4,"104":2,"105":2,"106":2,"107":2,"108":2,"109":1,"110":1,"111":2,"112":1,"113":1,"114":4,"115":1,"116":1},"f":{"0":1,"1":0,"2":1,"3":1,"4":1,"5":7,"6":1,"7":1,"8":1,"9":3,"10":1,"11":4,"12":2,"13":4,"14":4,"15":4},"b":{"0":[1,0],"1":[1,1],"2":[0,0],"3":[0,0,0,0],"4":[5,5],"5":[5,0],"6":[1,0],"7":[0,1],"8":[3,4],"9":[7,7],"10":[0,1],"11":[1,2],"12":[1,1],"13":[2,2],"14":[1,1],"15":[1,0],"16":[1,0],"17":[1,1],"18":[2,2],"19":[1,1],"20":[1,1],"21":[1,1],"22":[2,2],"23":[1,1],"24":[1,1],"25":[1,1],"26":[2,2],"27":[1,1],"28":[1,1],"29":[1,1]},"_coverageSchema":"43e27e138ebf9cfc5966b082cf9a028302ed4184","hash":"f3b4258acb2f1f9f4cbcd6e5c1a7ce854baf22d6","contentHash":"969850c08e8e43c60b5d5d10a681a1f9"},"C:\\Users\\Proception\\Desktop\\And challenge\\Andela Challenge BootCamp\\Fast Food Fast Project\\fast-food-app\\models\\response.js":{"path":"C:\\Users\\Proception\\Desktop\\And challenge\\Andela Challenge BootCamp\\Fast Food Fast Project\\fast-food-app\\models\\response.js","statementMap":{"0":{"start":{"line":3,"column":0},"end":{"line":5,"column":3}},"1":{"start":{"line":7,"column":50},"end":{"line":7,"column":151}},"2":{"start":{"line":7,"column":92},"end":{"line":7,"column":149}},"3":{"start":{"line":9,"column":15},"end":{"line":16,"column":1}},"4":{"start":{"line":10,"column":2},"end":{"line":10,"column":34}},"5":{"start":{"line":12,"column":2},"end":{"line":12,"column":23}},"6":{"start":{"line":13,"column":2},"end":{"line":13,"column":19}},"7":{"start":{"line":14,"column":2},"end":{"line":14,"column":27}},"8":{"start":{"line":15,"column":2},"end":{"line":15,"column":23}},"9":{"start":{"line":18,"column":0},"end":{"line":18,"column":27}}},"fnMap":{"0":{"name":"_classCallCheck","decl":{"start":{"line":7,"column":9},"end":{"line":7,"column":24}},"loc":{"start":{"line":7,"column":48},"end":{"line":7,"column":153}},"line":7},"1":{"name":"Response","decl":{"start":{"line":9,"column":24},"end":{"line":9,"column":32}},"loc":{"start":{"line":9,"column":65},"end":{"line":16,"column":1}},"line":9}},"branchMap":{"0":{"loc":{"start":{"line":7,"column":50},"end":{"line":7,"column":151}},"type":"if","locations":[{"start":{"line":7,"column":50},"end":{"line":7,"column":151}},{"start":{"line":7,"column":50},"end":{"line":7,"column":151}}],"line":7}},"s":{"0":1,"1":72,"2":0,"3":1,"4":72,"5":72,"6":72,"7":72,"8":72,"9":1},"f":{"0":72,"1":72},"b":{"0":[0,72]},"_coverageSchema":"43e27e138ebf9cfc5966b082cf9a028302ed4184","hash":"58a9d646118f9b4fef615e943c7d405ec0e49d9e","contentHash":"653e981fb2fe9ab3f1170b661fa82d24"},"C:\\Users\\Proception\\Desktop\\And challenge\\Andela Challenge BootCamp\\Fast Food Fast Project\\fast-food-app\\utils\\verifyJwt.js":{"path":"C:\\Users\\Proception\\Desktop\\And challenge\\Andela Challenge BootCamp\\Fast Food Fast Project\\fast-food-app\\utils\\verifyJwt.js","statementMap":{"0":{"start":{"line":3,"column":0},"end":{"line":5,"column":3}},"1":{"start":{"line":6,"column":0},"end":{"line":6,"column":30}},"2":{"start":{"line":7,"column":0},"end":{"line":7,"column":28}},"3":{"start":{"line":9,"column":20},"end":{"line":9,"column":43}},"4":{"start":{"line":11,"column":21},"end":{"line":11,"column":58}},"5":{"start":{"line":13,"column":39},"end":{"line":13,"column":93}},"6":{"start":{"line":16,"column":2},"end":{"line":16,"column":23}},"7":{"start":{"line":16,"column":14},"end":{"line":16,"column":23}},"8":{"start":{"line":18,"column":2},"end":{"line":29,"column":3}},"9":{"start":{"line":19,"column":15},"end":{"line":19,"column":59}},"10":{"start":{"line":21,"column":4},"end":{"line":25,"column":5}},"11":{"start":{"line":22,"column":6},"end":{"line":22,"column":26}},"12":{"start":{"line":24,"column":6},"end":{"line":24,"column":15}},"13":{"start":{"line":28,"column":4},"end":{"line":28,"column":13}},"14":{"start":{"line":32,"column":0},"end":{"line":32,"column":30}}},"fnMap":{"0":{"name":"_interopRequireDefault","decl":{"start":{"line":13,"column":9},"end":{"line":13,"column":31}},"loc":{"start":{"line":13,"column":37},"end":{"line":13,"column":95}},"line":13},"1":{"name":"verifyJwt","decl":{"start":{"line":15,"column":9},"end":{"line":15,"column":18}},"loc":{"start":{"line":15,"column":33},"end":{"line":30,"column":1}},"line":15}},"branchMap":{"0":{"loc":{"start":{"line":13,"column":46},"end":{"line":13,"column":92}},"type":"cond-expr","locations":[{"start":{"line":13,"column":70},"end":{"line":13,"column":73}},{"start":{"line":13,"column":76},"end":{"line":13,"column":92}}],"line":13},"1":{"loc":{"start":{"line":13,"column":46},"end":{"line":13,"column":67}},"type":"binary-expr","locations":[{"start":{"line":13,"column":46},"end":{"line":13,"column":49}},{"start":{"line":13,"column":53},"end":{"line":13,"column":67}}],"line":13},"2":{"loc":{"start":{"line":16,"column":2},"end":{"line":16,"column":23}},"type":"if","locations":[{"start":{"line":16,"column":2},"end":{"line":16,"column":23}},{"start":{"line":16,"column":2},"end":{"line":16,"column":23}}],"line":16},"3":{"loc":{"start":{"line":21,"column":4},"end":{"line":25,"column":5}},"type":"if","locations":[{"start":{"line":21,"column":4},"end":{"line":25,"column":5}},{"start":{"line":21,"column":4},"end":{"line":25,"column":5}}],"line":21}},"s":{"0":1,"1":1,"2":1,"3":1,"4":1,"5":1,"6":61,"7":15,"8":46,"9":46,"10":31,"11":24,"12":7,"13":15,"14":1},"f":{"0":1,"1":61},"b":{"0":[0,1],"1":[1,1],"2":[15,46],"3":[24,7]},"_coverageSchema":"43e27e138ebf9cfc5966b082cf9a028302ed4184","hash":"f2f2ac4b420463bde4bec9e1fc4a90a2e3ff6a71","contentHash":"4be1226b1333e2df188b3d903fb5f304"},"C:\\Users\\Proception\\Desktop\\And challenge\\Andela Challenge BootCamp\\Fast Food Fast Project\\fast-food-app\\utils\\checkrole.js":{"path":"C:\\Users\\Proception\\Desktop\\And challenge\\Andela Challenge BootCamp\\Fast Food Fast Project\\fast-food-app\\utils\\checkrole.js","statementMap":{"0":{"start":{"line":3,"column":0},"end":{"line":5,"column":3}},"1":{"start":{"line":6,"column":0},"end":{"line":6,"column":28}},"2":{"start":{"line":9,"column":2},"end":{"line":11,"column":3}},"3":{"start":{"line":10,"column":4},"end":{"line":10,"column":13}},"4":{"start":{"line":13,"column":2},"end":{"line":15,"column":3}},"5":{"start":{"line":14,"column":4},"end":{"line":14,"column":17}},"6":{"start":{"line":17,"column":2},"end":{"line":19,"column":3}},"7":{"start":{"line":18,"column":4},"end":{"line":18,"column":13}},"8":{"start":{"line":22,"column":0},"end":{"line":22,"column":30}}},"fnMap":{"0":{"name":"checkrole","decl":{"start":{"line":7,"column":9},"end":{"line":7,"column":18}},"loc":{"start":{"line":7,"column":26},"end":{"line":20,"column":1}},"line":7}},"branchMap":{"0":{"loc":{"start":{"line":9,"column":2},"end":{"line":11,"column":3}},"type":"if","locations":[{"start":{"line":9,"column":2},"end":{"line":11,"column":3}},{"start":{"line":9,"column":2},"end":{"line":11,"column":3}}],"line":9},"1":{"loc":{"start":{"line":13,"column":2},"end":{"line":15,"column":3}},"type":"if","locations":[{"start":{"line":13,"column":2},"end":{"line":15,"column":3}},{"start":{"line":13,"column":2},"end":{"line":15,"column":3}}],"line":13},"2":{"loc":{"start":{"line":17,"column":2},"end":{"line":19,"column":3}},"type":"if","locations":[{"start":{"line":17,"column":2},"end":{"line":19,"column":3}},{"start":{"line":17,"column":2},"end":{"line":19,"column":3}}],"line":17}},"s":{"0":1,"1":1,"2":48,"3":0,"4":48,"5":24,"6":24,"7":24,"8":1},"f":{"0":48},"b":{"0":[0,48],"1":[24,24],"2":[24,0]},"_coverageSchema":"43e27e138ebf9cfc5966b082cf9a028302ed4184","hash":"58a54cf73559bec5315ca42c716b7c5d68321173","contentHash":"42544434837245f12b98a5725a504102"},"C:\\Users\\Proception\\Desktop\\And challenge\\Andela Challenge BootCamp\\Fast Food Fast Project\\fast-food-app\\utils\\validate.js":{"path":"C:\\Users\\Proception\\Desktop\\And challenge\\Andela Challenge BootCamp\\Fast Food Fast Project\\fast-food-app\\utils\\validate.js","statementMap":{"0":{"start":{"line":3,"column":0},"end":{"line":5,"column":3}},"1":{"start":{"line":7,"column":14},"end":{"line":7,"column":268}},"2":{"start":{"line":7,"column":101},"end":{"line":7,"column":119}},"3":{"start":{"line":7,"column":141},"end":{"line":7,"column":266}},"4":{"start":{"line":9,"column":0},"end":{"line":9,"column":30}},"5":{"start":{"line":11,"column":14},"end":{"line":11,"column":128}},"6":{"start":{"line":13,"column":2},"end":{"line":16,"column":3}},"7":{"start":{"line":15,"column":4},"end":{"line":15,"column":17}},"8":{"start":{"line":18,"column":2},"end":{"line":18,"column":14}},"9":{"start":{"line":21,"column":0},"end":{"line":21,"column":34}}},"fnMap":{"0":{"name":"(anonymous_0)","decl":{"start":{"line":7,"column":84},"end":{"line":7,"column":85}},"loc":{"start":{"line":7,"column":99},"end":{"line":7,"column":121}},"line":7},"1":{"name":"(anonymous_1)","decl":{"start":{"line":7,"column":124},"end":{"line":7,"column":125}},"loc":{"start":{"line":7,"column":139},"end":{"line":7,"column":268}},"line":7},"2":{"name":"jsonIsEmpty","decl":{"start":{"line":10,"column":9},"end":{"line":10,"column":20}},"loc":{"start":{"line":10,"column":27},"end":{"line":19,"column":1}},"line":10}},"branchMap":{"0":{"loc":{"start":{"line":7,"column":14},"end":{"line":7,"column":268}},"type":"cond-expr","locations":[{"start":{"line":7,"column":84},"end":{"line":7,"column":121}},{"start":{"line":7,"column":124},"end":{"line":7,"column":268}}],"line":7},"1":{"loc":{"start":{"line":7,"column":14},"end":{"line":7,"column":81}},"type":"binary-expr","locations":[{"start":{"line":7,"column":14},"end":{"line":7,"column":42}},{"start":{"line":7,"column":46},"end":{"line":7,"column":81}}],"line":7},"2":{"loc":{"start":{"line":7,"column":148},"end":{"line":7,"column":265}},"type":"cond-expr","locations":[{"start":{"line":7,"column":244},"end":{"line":7,"column":252}},{"start":{"line":7,"column":255},"end":{"line":7,"column":265}}],"line":7},"3":{"loc":{"start":{"line":7,"column":148},"end":{"line":7,"column":241}},"type":"binary-expr","locations":[{"start":{"line":7,"column":148},"end":{"line":7,"column":151}},{"start":{"line":7,"column":155},"end":{"line":7,"column":183}},{"start":{"line":7,"column":187},"end":{"line":7,"column":213}},{"start":{"line":7,"column":217},"end":{"line":7,"column":241}}],"line":7},"4":{"loc":{"start":{"line":11,"column":14},"end":{"line":11,"column":128}},"type":"cond-expr","locations":[{"start":{"line":11,"column":106},"end":{"line":11,"column":123}},{"start":{"line":11,"column":126},"end":{"line":11,"column":128}}],"line":11},"5":{"loc":{"start":{"line":11,"column":14},"end":{"line":11,"column":103}},"type":"binary-expr","locations":[{"start":{"line":11,"column":14},"end":{"line":11,"column":27}},{"start":{"line":11,"column":31},"end":{"line":11,"column":103}}],"line":11},"6":{"loc":{"start":{"line":11,"column":32},"end":{"line":11,"column":89}},"type":"cond-expr","locations":[{"start":{"line":11,"column":62},"end":{"line":11,"column":73}},{"start":{"line":11,"column":76},"end":{"line":11,"column":89}}],"line":11},"7":{"loc":{"start":{"line":13,"column":2},"end":{"line":16,"column":3}},"type":"if","locations":[{"start":{"line":13,"column":2},"end":{"line":16,"column":3}},{"start":{"line":13,"column":2},"end":{"line":16,"column":3}}],"line":13}},"s":{"0":1,"1":1,"2":12,"3":0,"4":1,"5":13,"6":13,"7":7,"8":6,"9":1},"f":{"0":12,"1":0,"2":13},"b":{"0":[1,0],"1":[1,1],"2":[0,0],"3":[0,0,0,0],"4":[10,3],"5":[13,12],"6":[0,12],"7":[7,6]},"_coverageSchema":"43e27e138ebf9cfc5966b082cf9a028302ed4184","hash":"8121e93b99a885cfda41c7e9a39555ed5d336c25","contentHash":"06cf2b5cc99d762639a1d952bb4764d2"},"C:\\Users\\Proception\\Desktop\\And challenge\\Andela Challenge BootCamp\\Fast Food Fast Project\\fast-food-app\\db\\index.js":{"path":"C:\\Users\\Proception\\Desktop\\And challenge\\Andela Challenge BootCamp\\Fast Food Fast Project\\fast-food-app\\db\\index.js","statementMap":{"0":{"start":{"line":3,"column":15},"end":{"line":3,"column":28}},"1":{"start":{"line":4,"column":11},"end":{"line":4,"column":24}},"2":{"start":{"line":19,"column":11},"end":{"line":24,"column":2}},"3":{"start":{"line":26,"column":0},"end":{"line":31,"column":2}},"4":{"start":{"line":28,"column":4},"end":{"line":28,"column":30}}},"fnMap":{"0":{"name":"query","decl":{"start":{"line":27,"column":18},"end":{"line":27,"column":23}},"loc":{"start":{"line":27,"column":32},"end":{"line":29,"column":3}},"line":27}},"branchMap":{},"s":{"0":1,"1":1,"2":1,"3":1,"4":50},"f":{"0":50},"b":{},"_coverageSchema":"43e27e138ebf9cfc5966b082cf9a028302ed4184","hash":"f7eaff617fcbae14b8e1c4555f853d40a7f29f66","contentHash":"136df092adcfa737e1019770ed9cbec6"},"C:\\Users\\Proception\\Desktop\\And challenge\\Andela Challenge BootCamp\\Fast Food Fast Project\\fast-food-app\\db\\orders.js":{"path":"C:\\Users\\Proception\\Desktop\\And challenge\\Andela Challenge BootCamp\\Fast Food Fast Project\\fast-food-app\\db\\orders.js","statementMap":{"0":{"start":{"line":3,"column":0},"end":{"line":57,"column":2}},"1":{"start":{"line":5,"column":16},"end":{"line":9,"column":5}},"2":{"start":{"line":10,"column":4},"end":{"line":10,"column":17}},"3":{"start":{"line":13,"column":16},"end":{"line":18,"column":5}},"4":{"start":{"line":19,"column":4},"end":{"line":19,"column":17}},"5":{"start":{"line":22,"column":16},"end":{"line":27,"column":5}},"6":{"start":{"line":28,"column":4},"end":{"line":28,"column":17}},"7":{"start":{"line":31,"column":16},"end":{"line":36,"column":5}},"8":{"start":{"line":37,"column":4},"end":{"line":37,"column":17}},"9":{"start":{"line":40,"column":16},"end":{"line":45,"column":5}},"10":{"start":{"line":46,"column":4},"end":{"line":46,"column":17}},"11":{"start":{"line":49,"column":16},"end":{"line":54,"column":5}},"12":{"start":{"line":55,"column":4},"end":{"line":55,"column":17}}},"fnMap":{"0":{"name":"queryAllOrders","decl":{"start":{"line":4,"column":27},"end":{"line":4,"column":41}},"loc":{"start":{"line":4,"column":44},"end":{"line":11,"column":3}},"line":4},"1":{"name":"queryOrder","decl":{"start":{"line":12,"column":23},"end":{"line":12,"column":33}},"loc":{"start":{"line":12,"column":38},"end":{"line":20,"column":3}},"line":12},"2":{"name":"userOrder","decl":{"start":{"line":21,"column":22},"end":{"line":21,"column":31}},"loc":{"start":{"line":21,"column":40},"end":{"line":29,"column":3}},"line":21},"3":{"name":"updateOrder","decl":{"start":{"line":30,"column":24},"end":{"line":30,"column":35}},"loc":{"start":{"line":30,"column":48},"end":{"line":38,"column":3}},"line":30},"4":{"name":"deleteOrder","decl":{"start":{"line":39,"column":24},"end":{"line":39,"column":35}},"loc":{"start":{"line":39,"column":40},"end":{"line":47,"column":3}},"line":39},"5":{"name":"createOrder","decl":{"start":{"line":48,"column":24},"end":{"line":48,"column":35}},"loc":{"start":{"line":48,"column":107},"end":{"line":56,"column":3}},"line":48}},"branchMap":{},"s":{"0":1,"1":1,"2":1,"3":4,"4":4,"5":4,"6":4,"7":1,"8":1,"9":2,"10":2,"11":2,"12":2},"f":{"0":1,"1":4,"2":4,"3":1,"4":2,"5":2},"b":{},"_coverageSchema":"43e27e138ebf9cfc5966b082cf9a028302ed4184","hash":"e6891480ed3ff53b765b2bd00952cd2c1a6e86d9","contentHash":"86919ec39fddeca48836bb6de9b2226d"},"C:\\Users\\Proception\\Desktop\\And challenge\\Andela Challenge BootCamp\\Fast Food Fast Project\\fast-food-app\\db\\order_menu.js":{"path":"C:\\Users\\Proception\\Desktop\\And challenge\\Andela Challenge BootCamp\\Fast Food Fast Project\\fast-food-app\\db\\order_menu.js","statementMap":{"0":{"start":{"line":3,"column":0},"end":{"line":22,"column":2}},"1":{"start":{"line":5,"column":16},"end":{"line":10,"column":5}},"2":{"start":{"line":11,"column":4},"end":{"line":11,"column":17}},"3":{"start":{"line":14,"column":16},"end":{"line":19,"column":5}},"4":{"start":{"line":20,"column":4},"end":{"line":20,"column":17}}},"fnMap":{"0":{"name":"queryOrderMenu","decl":{"start":{"line":4,"column":27},"end":{"line":4,"column":41}},"loc":{"start":{"line":4,"column":46},"end":{"line":12,"column":3}},"line":4},"1":{"name":"addOrderMenu","decl":{"start":{"line":13,"column":25},"end":{"line":13,"column":37}},"loc":{"start":{"line":13,"column":78},"end":{"line":21,"column":3}},"line":13}},"branchMap":{},"s":{"0":1,"1":2,"2":2,"3":3,"4":3},"f":{"0":2,"1":3},"b":{},"_coverageSchema":"43e27e138ebf9cfc5966b082cf9a028302ed4184","hash":"fae2368d161c5912ebdf6f8d4f61a8ade62db776","contentHash":"ef6464502cf1f88f2268d06ac127f648"},"C:\\Users\\Proception\\Desktop\\And challenge\\Andela Challenge BootCamp\\Fast Food Fast Project\\fast-food-app\\routes\\users.js":{"path":"C:\\Users\\Proception\\Desktop\\And challenge\\Andela Challenge BootCamp\\Fast Food Fast Project\\fast-food-app\\routes\\users.js","statementMap":{"0":{"start":{"line":3,"column":0},"end":{"line":5,"column":3}},"1":{"start":{"line":7,"column":22},"end":{"line":7,"column":62}},"2":{"start":{"line":9,"column":23},"end":{"line":9,"column":62}},"3":{"start":{"line":11,"column":39},"end":{"line":11,"column":93}},"4":{"start":{"line":13,"column":14},"end":{"line":13,"column":32}},"5":{"start":{"line":16,"column":13},"end":{"line":16,"column":29}},"6":{"start":{"line":18,"column":15},"end":{"line":18,"column":21}},"7":{"start":{"line":20,"column":12},"end":{"line":20,"column":50}},"8":{"start":{"line":23,"column":0},"end":{"line":28,"column":3}},"9":{"start":{"line":25,"column":15},"end":{"line":25,"column":48}},"10":{"start":{"line":27,"column":2},"end":{"line":27,"column":39}},"11":{"start":{"line":31,"column":0},"end":{"line":36,"column":3}},"12":{"start":{"line":33,"column":15},"end":{"line":33,"column":44}},"13":{"start":{"line":35,"column":2},"end":{"line":35,"column":39}},"14":{"start":{"line":39,"column":0},"end":{"line":44,"column":3}},"15":{"start":{"line":41,"column":15},"end":{"line":41,"column":50}},"16":{"start":{"line":43,"column":2},"end":{"line":43,"column":39}},"17":{"start":{"line":55,"column":0},"end":{"line":60,"column":3}},"18":{"start":{"line":57,"column":15},"end":{"line":57,"column":47}},"19":{"start":{"line":59,"column":2},"end":{"line":59,"column":39}},"20":{"start":{"line":63,"column":0},"end":{"line":68,"column":3}},"21":{"start":{"line":65,"column":15},"end":{"line":65,"column":47}},"22":{"start":{"line":67,"column":2},"end":{"line":67,"column":39}},"23":{"start":{"line":70,"column":0},"end":{"line":70,"column":25}}},"fnMap":{"0":{"name":"_interopRequireDefault","decl":{"start":{"line":11,"column":9},"end":{"line":11,"column":31}},"loc":{"start":{"line":11,"column":37},"end":{"line":11,"column":95}},"line":11},"1":{"name":"(anonymous_1)","decl":{"start":{"line":23,"column":16},"end":{"line":23,"column":17}},"loc":{"start":{"line":23,"column":42},"end":{"line":28,"column":1}},"line":23},"2":{"name":"(anonymous_2)","decl":{"start":{"line":31,"column":22},"end":{"line":31,"column":23}},"loc":{"start":{"line":31,"column":48},"end":{"line":36,"column":1}},"line":31},"3":{"name":"(anonymous_3)","decl":{"start":{"line":39,"column":29},"end":{"line":39,"column":30}},"loc":{"start":{"line":39,"column":55},"end":{"line":44,"column":1}},"line":39},"4":{"name":"(anonymous_4)","decl":{"start":{"line":55,"column":22},"end":{"line":55,"column":23}},"loc":{"start":{"line":55,"column":48},"end":{"line":60,"column":1}},"line":55},"5":{"name":"(anonymous_5)","decl":{"start":{"line":63,"column":25},"end":{"line":63,"column":26}},"loc":{"start":{"line":63,"column":51},"end":{"line":68,"column":1}},"line":63}},"branchMap":{"0":{"loc":{"start":{"line":11,"column":46},"end":{"line":11,"column":92}},"type":"cond-expr","locations":[{"start":{"line":11,"column":70},"end":{"line":11,"column":73}},{"start":{"line":11,"column":76},"end":{"line":11,"column":92}}],"line":11},"1":{"loc":{"start":{"line":11,"column":46},"end":{"line":11,"column":67}},"type":"binary-expr","locations":[{"start":{"line":11,"column":46},"end":{"line":11,"column":49}},{"start":{"line":11,"column":53},"end":{"line":11,"column":67}}],"line":11}},"s":{"0":1,"1":1,"2":1,"3":1,"4":1,"5":1,"6":1,"7":1,"8":1,"9":3,"10":3,"11":1,"12":4,"13":4,"14":1,"15":6,"16":6,"17":1,"18":4,"19":4,"20":1,"21":6,"22":6,"23":1},"f":{"0":1,"1":3,"2":4,"3":6,"4":4,"5":6},"b":{"0":[1,0],"1":[1,1]},"_coverageSchema":"43e27e138ebf9cfc5966b082cf9a028302ed4184","hash":"f8a61af62518bb1aded0c66d7e159b4041540f24","contentHash":"3d23e1b7bd9d6a82e99f7be471cf8d21"},"C:\\Users\\Proception\\Desktop\\And challenge\\Andela Challenge BootCamp\\Fast Food Fast Project\\fast-food-app\\controllers\\userController.js":{"path":"C:\\Users\\Proception\\Desktop\\And challenge\\Andela Challenge BootCamp\\Fast Food Fast Project\\fast-food-app\\controllers\\userController.js","statementMap":{"0":{"start":{"line":3,"column":0},"end":{"line":5,"column":3}},"1":{"start":{"line":7,"column":19},"end":{"line":7,"column":563}},"2":{"start":{"line":7,"column":76},"end":{"line":7,"column":347}},"3":{"start":{"line":7,"column":134},"end":{"line":7,"column":142}},"4":{"start":{"line":7,"column":144},"end":{"line":7,"column":199}},"5":{"start":{"line":7,"column":200},"end":{"line":7,"column":231}},"6":{"start":{"line":7,"column":232},"end":{"line":7,"column":286}},"7":{"start":{"line":7,"column":259},"end":{"line":7,"column":286}},"8":{"start":{"line":7,"column":287},"end":{"line":7,"column":345}},"9":{"start":{"line":7,"column":350},"end":{"line":7,"column":559}},"10":{"start":{"line":7,"column":407},"end":{"line":7,"column":475}},"11":{"start":{"line":7,"column":423},"end":{"line":7,"column":475}},"12":{"start":{"line":7,"column":476},"end":{"line":7,"column":536}},"13":{"start":{"line":7,"column":493},"end":{"line":7,"column":536}},"14":{"start":{"line":7,"column":537},"end":{"line":7,"column":556}},"15":{"start":{"line":9,"column":14},"end":{"line":9,"column":31}},"16":{"start":{"line":11,"column":15},"end":{"line":11,"column":46}},"17":{"start":{"line":13,"column":20},"end":{"line":13,"column":43}},"18":{"start":{"line":15,"column":21},"end":{"line":15,"column":58}},"19":{"start":{"line":17,"column":13},"end":{"line":17,"column":39}},"20":{"start":{"line":19,"column":14},"end":{"line":19,"column":44}},"21":{"start":{"line":21,"column":17},"end":{"line":21,"column":46}},"22":{"start":{"line":23,"column":18},"end":{"line":23,"column":52}},"23":{"start":{"line":25,"column":16},"end":{"line":25,"column":45}},"24":{"start":{"line":27,"column":17},"end":{"line":27,"column":50}},"25":{"start":{"line":29,"column":16},"end":{"line":29,"column":44}},"26":{"start":{"line":31,"column":17},"end":{"line":31,"column":46}},"27":{"start":{"line":33,"column":18},"end":{"line":33,"column":52}},"28":{"start":{"line":35,"column":13},"end":{"line":35,"column":35}},"29":{"start":{"line":37,"column":14},"end":{"line":37,"column":44}},"30":{"start":{"line":39,"column":14},"end":{"line":39,"column":37}},"31":{"start":{"line":41,"column":15},"end":{"line":41,"column":46}},"32":{"start":{"line":43,"column":14},"end":{"line":43,"column":36}},"33":{"start":{"line":45,"column":14},"end":{"line":45,"column":45}},"34":{"start":{"line":47,"column":39},"end":{"line":47,"column":93}},"35":{"start":{"line":49,"column":50},"end":{"line":49,"column":151}},"36":{"start":{"line":49,"column":92},"end":{"line":49,"column":149}},"37":{"start":{"line":51,"column":21},"end":{"line":266,"column":3}},"38":{"start":{"line":53,"column":4},"end":{"line":53,"column":42}},"39":{"start":{"line":55,"column":4},"end":{"line":55,"column":29}},"40":{"start":{"line":61,"column":2},"end":{"line":263,"column":6}},"41":{"start":{"line":64,"column":18},"end":{"line":64,"column":82}},"42":{"start":{"line":65,"column":6},"end":{"line":65,"column":46}},"43":{"start":{"line":67,"column":6},"end":{"line":75,"column":7}},"44":{"start":{"line":69,"column":21},"end":{"line":69,"column":81}},"45":{"start":{"line":70,"column":8},"end":{"line":70,"column":75}},"46":{"start":{"line":71,"column":13},"end":{"line":75,"column":7}},"47":{"start":{"line":72,"column":8},"end":{"line":72,"column":109}},"48":{"start":{"line":74,"column":8},"end":{"line":74,"column":91}},"49":{"start":{"line":76,"column":6},"end":{"line":76,"column":27}},"50":{"start":{"line":81,"column":22},"end":{"line":81,"column":30}},"51":{"start":{"line":82,"column":18},"end":{"line":82,"column":33}},"52":{"start":{"line":83,"column":21},"end":{"line":83,"column":39}},"53":{"start":{"line":86,"column":17},"end":{"line":86,"column":78}},"54":{"start":{"line":88,"column":6},"end":{"line":105,"column":7}},"55":{"start":{"line":89,"column":21},"end":{"line":89,"column":84}},"56":{"start":{"line":91,"column":22},"end":{"line":91,"column":34}},"57":{"start":{"line":93,"column":8},"end":{"line":102,"column":9}},"58":{"start":{"line":94,"column":10},"end":{"line":94,"column":34}},"59":{"start":{"line":95,"column":10},"end":{"line":95,"column":37}},"60":{"start":{"line":97,"column":22},"end":{"line":97,"column":88}},"61":{"start":{"line":99,"column":10},"end":{"line":99,"column":102}},"62":{"start":{"line":101,"column":10},"end":{"line":101,"column":96}},"63":{"start":{"line":104,"column":8},"end":{"line":104,"column":109}},"64":{"start":{"line":107,"column":6},"end":{"line":107,"column":27}},"65":{"start":{"line":116,"column":23},"end":{"line":116,"column":31}},"66":{"start":{"line":117,"column":18},"end":{"line":117,"column":34}},"67":{"start":{"line":118,"column":20},"end":{"line":118,"column":38}},"68":{"start":{"line":119,"column":21},"end":{"line":119,"column":40}},"69":{"start":{"line":120,"column":21},"end":{"line":120,"column":40}},"70":{"start":{"line":122,"column":19},"end":{"line":122,"column":22}},"71":{"start":{"line":124,"column":27},"end":{"line":124,"column":66}},"72":{"start":{"line":126,"column":20},"end":{"line":126,"column":101}},"73":{"start":{"line":128,"column":22},"end":{"line":128,"column":83}},"74":{"start":{"line":129,"column":19},"end":{"line":129,"column":55}},"75":{"start":{"line":132,"column":6},"end":{"line":140,"column":7}},"76":{"start":{"line":133,"column":8},"end":{"line":133,"column":169}},"77":{"start":{"line":135,"column":8},"end":{"line":135,"column":32}},"78":{"start":{"line":136,"column":8},"end":{"line":136,"column":90}},"79":{"start":{"line":138,"column":8},"end":{"line":138,"column":32}},"80":{"start":{"line":139,"column":8},"end":{"line":139,"column":114}},"81":{"start":{"line":141,"column":6},"end":{"line":141,"column":27}},"82":{"start":{"line":149,"column":18},"end":{"line":149,"column":82}},"83":{"start":{"line":150,"column":6},"end":{"line":150,"column":46}},"84":{"start":{"line":152,"column":6},"end":{"line":169,"column":7}},"85":{"start":{"line":153,"column":20},"end":{"line":153,"column":36}},"86":{"start":{"line":156,"column":24},"end":{"line":156,"column":85}},"87":{"start":{"line":158,"column":21},"end":{"line":158,"column":57}},"88":{"start":{"line":160,"column":8},"end":{"line":164,"column":9}},"89":{"start":{"line":161,"column":10},"end":{"line":161,"column":88}},"90":{"start":{"line":163,"column":10},"end":{"line":163,"column":86}},"91":{"start":{"line":165,"column":13},"end":{"line":169,"column":7}},"92":{"start":{"line":166,"column":8},"end":{"line":166,"column":109}},"93":{"start":{"line":168,"column":8},"end":{"line":168,"column":91}},"94":{"start":{"line":172,"column":6},"end":{"line":172,"column":27}},"95":{"start":{"line":180,"column":18},"end":{"line":180,"column":77}},"96":{"start":{"line":182,"column":6},"end":{"line":199,"column":7}},"97":{"start":{"line":183,"column":20},"end":{"line":183,"column":36}},"98":{"start":{"line":186,"column":21},"end":{"line":186,"column":83}},"99":{"start":{"line":188,"column":21},"end":{"line":188,"column":54}},"100":{"start":{"line":190,"column":8},"end":{"line":194,"column":9}},"101":{"start":{"line":191,"column":10},"end":{"line":191,"column":108}},"102":{"start":{"line":193,"column":10},"end":{"line":193,"column":80}},"103":{"start":{"line":195,"column":13},"end":{"line":199,"column":7}},"104":{"start":{"line":196,"column":8},"end":{"line":196,"column":109}},"105":{"start":{"line":198,"column":8},"end":{"line":198,"column":91}},"106":{"start":{"line":200,"column":6},"end":{"line":200,"column":27}},"107":{"start":{"line":208,"column":18},"end":{"line":208,"column":82}},"108":{"start":{"line":209,"column":6},"end":{"line":209,"column":46}},"109":{"start":{"line":211,"column":6},"end":{"line":230,"column":7}},"110":{"start":{"line":212,"column":20},"end":{"line":212,"column":36}},"111":{"start":{"line":215,"column":21},"end":{"line":215,"column":36}},"112":{"start":{"line":217,"column":24},"end":{"line":217,"column":94}},"113":{"start":{"line":218,"column":21},"end":{"line":218,"column":57}},"114":{"start":{"line":221,"column":8},"end":{"line":225,"column":9}},"115":{"start":{"line":222,"column":10},"end":{"line":222,"column":104}},"116":{"start":{"line":224,"column":10},"end":{"line":224,"column":91}},"117":{"start":{"line":226,"column":13},"end":{"line":230,"column":7}},"118":{"start":{"line":227,"column":8},"end":{"line":227,"column":109}},"119":{"start":{"line":229,"column":8},"end":{"line":229,"column":91}},"120":{"start":{"line":232,"column":6},"end":{"line":232,"column":27}},"121":{"start":{"line":240,"column":18},"end":{"line":240,"column":82}},"122":{"start":{"line":241,"column":6},"end":{"line":241,"column":46}},"123":{"start":{"line":243,"column":6},"end":{"line":260,"column":7}},"124":{"start":{"line":244,"column":20},"end":{"line":244,"column":36}},"125":{"start":{"line":247,"column":21},"end":{"line":247,"column":83}},"126":{"start":{"line":249,"column":21},"end":{"line":249,"column":54}},"127":{"start":{"line":251,"column":8},"end":{"line":255,"column":9}},"128":{"start":{"line":252,"column":10},"end":{"line":252,"column":100}},"129":{"start":{"line":254,"column":10},"end":{"line":254,"column":91}},"130":{"start":{"line":256,"column":13},"end":{"line":260,"column":7}},"131":{"start":{"line":257,"column":8},"end":{"line":257,"column":109}},"132":{"start":{"line":259,"column":8},"end":{"line":259,"column":91}},"133":{"start":{"line":261,"column":6},"end":{"line":261,"column":27}},"134":{"start":{"line":265,"column":2},"end":{"line":265,"column":24}},"135":{"start":{"line":268,"column":0},"end":{"line":268,"column":33}}},"fnMap":{"0":{"name":"(anonymous_0)","decl":{"start":{"line":7,"column":19},"end":{"line":7,"column":20}},"loc":{"start":{"line":7,"column":31},"end":{"line":7,"column":561}},"line":7},"1":{"name":"defineProperties","decl":{"start":{"line":7,"column":42},"end":{"line":7,"column":58}},"loc":{"start":{"line":7,"column":74},"end":{"line":7,"column":349}},"line":7},"2":{"name":"(anonymous_2)","decl":{"start":{"line":7,"column":357},"end":{"line":7,"column":358}},"loc":{"start":{"line":7,"column":405},"end":{"line":7,"column":558}},"line":7},"3":{"name":"_interopRequireDefault","decl":{"start":{"line":47,"column":9},"end":{"line":47,"column":31}},"loc":{"start":{"line":47,"column":37},"end":{"line":47,"column":95}},"line":47},"4":{"name":"_classCallCheck","decl":{"start":{"line":49,"column":9},"end":{"line":49,"column":24}},"loc":{"start":{"line":49,"column":48},"end":{"line":49,"column":153}},"line":49},"5":{"name":"(anonymous_5)","decl":{"start":{"line":51,"column":21},"end":{"line":51,"column":22}},"loc":{"start":{"line":51,"column":33},"end":{"line":266,"column":1}},"line":51},"6":{"name":"UserController","decl":{"start":{"line":52,"column":11},"end":{"line":52,"column":25}},"loc":{"start":{"line":52,"column":36},"end":{"line":56,"column":3}},"line":52},"7":{"name":"getUserList","decl":{"start":{"line":63,"column":26},"end":{"line":63,"column":37}},"loc":{"start":{"line":63,"column":43},"end":{"line":77,"column":5}},"line":63},"8":{"name":"loginUser","decl":{"start":{"line":80,"column":26},"end":{"line":80,"column":35}},"loc":{"start":{"line":80,"column":41},"end":{"line":108,"column":5}},"line":80},"9":{"name":"createUser","decl":{"start":{"line":114,"column":26},"end":{"line":114,"column":36}},"loc":{"start":{"line":114,"column":42},"end":{"line":142,"column":5}},"line":114},"10":{"name":"getUser","decl":{"start":{"line":148,"column":26},"end":{"line":148,"column":33}},"loc":{"start":{"line":148,"column":39},"end":{"line":173,"column":5}},"line":148},"11":{"name":"getUserOrders","decl":{"start":{"line":179,"column":26},"end":{"line":179,"column":39}},"loc":{"start":{"line":179,"column":45},"end":{"line":201,"column":5}},"line":179},"12":{"name":"updateUser","decl":{"start":{"line":207,"column":26},"end":{"line":207,"column":36}},"loc":{"start":{"line":207,"column":42},"end":{"line":233,"column":5}},"line":207},"13":{"name":"deleteUser","decl":{"start":{"line":239,"column":26},"end":{"line":239,"column":36}},"loc":{"start":{"line":239,"column":42},"end":{"line":262,"column":5}},"line":239}},"branchMap":{"0":{"loc":{"start":{"line":7,"column":168},"end":{"line":7,"column":198}},"type":"binary-expr","locations":[{"start":{"line":7,"column":168},"end":{"line":7,"column":189}},{"start":{"line":7,"column":193},"end":{"line":7,"column":198}}],"line":7},"1":{"loc":{"start":{"line":7,"column":232},"end":{"line":7,"column":286}},"type":"if","locations":[{"start":{"line":7,"column":232},"end":{"line":7,"column":286}},{"start":{"line":7,"column":232},"end":{"line":7,"column":286}}],"line":7},"2":{"loc":{"start":{"line":7,"column":407},"end":{"line":7,"column":475}},"type":"if","locations":[{"start":{"line":7,"column":407},"end":{"line":7,"column":475}},{"start":{"line":7,"column":407},"end":{"line":7,"column":475}}],"line":7},"3":{"loc":{"start":{"line":7,"column":476},"end":{"line":7,"column":536}},"type":"if","locations":[{"start":{"line":7,"column":476},"end":{"line":7,"column":536}},{"start":{"line":7,"column":476},"end":{"line":7,"column":536}}],"line":7},"4":{"loc":{"start":{"line":47,"column":46},"end":{"line":47,"column":92}},"type":"cond-expr","locations":[{"start":{"line":47,"column":70},"end":{"line":47,"column":73}},{"start":{"line":47,"column":76},"end":{"line":47,"column":92}}],"line":47},"5":{"loc":{"start":{"line":47,"column":46},"end":{"line":47,"column":67}},"type":"binary-expr","locations":[{"start":{"line":47,"column":46},"end":{"line":47,"column":49}},{"start":{"line":47,"column":53},"end":{"line":47,"column":67}}],"line":47},"6":{"loc":{"start":{"line":49,"column":50},"end":{"line":49,"column":151}},"type":"if","locations":[{"start":{"line":49,"column":50},"end":{"line":49,"column":151}},{"start":{"line":49,"column":50},"end":{"line":49,"column":151}}],"line":49},"7":{"loc":{"start":{"line":67,"column":6},"end":{"line":75,"column":7}},"type":"if","locations":[{"start":{"line":67,"column":6},"end":{"line":75,"column":7}},{"start":{"line":67,"column":6},"end":{"line":75,"column":7}}],"line":67},"8":{"loc":{"start":{"line":71,"column":13},"end":{"line":75,"column":7}},"type":"if","locations":[{"start":{"line":71,"column":13},"end":{"line":75,"column":7}},{"start":{"line":71,"column":13},"end":{"line":75,"column":7}}],"line":71},"9":{"loc":{"start":{"line":88,"column":6},"end":{"line":105,"column":7}},"type":"if","locations":[{"start":{"line":88,"column":6},"end":{"line":105,"column":7}},{"start":{"line":88,"column":6},"end":{"line":105,"column":7}}],"line":88},"10":{"loc":{"start":{"line":93,"column":8},"end":{"line":102,"column":9}},"type":"if","locations":[{"start":{"line":93,"column":8},"end":{"line":102,"column":9}},{"start":{"line":93,"column":8},"end":{"line":102,"column":9}}],"line":93},"11":{"loc":{"start":{"line":129,"column":19},"end":{"line":129,"column":55}},"type":"cond-expr","locations":[{"start":{"line":129,"column":46},"end":{"line":129,"column":49}},{"start":{"line":129,"column":52},"end":{"line":129,"column":55}}],"line":129},"12":{"loc":{"start":{"line":132,"column":6},"end":{"line":140,"column":7}},"type":"if","locations":[{"start":{"line":132,"column":6},"end":{"line":140,"column":7}},{"start":{"line":132,"column":6},"end":{"line":140,"column":7}}],"line":132},"13":{"loc":{"start":{"line":132,"column":10},"end":{"line":132,"column":64}},"type":"binary-expr","locations":[{"start":{"line":132,"column":10},"end":{"line":132,"column":46}},{"start":{"line":132,"column":50},"end":{"line":132,"column":64}}],"line":132},"14":{"loc":{"start":{"line":152,"column":6},"end":{"line":169,"column":7}},"type":"if","locations":[{"start":{"line":152,"column":6},"end":{"line":169,"column":7}},{"start":{"line":152,"column":6},"end":{"line":169,"column":7}}],"line":152},"15":{"loc":{"start":{"line":158,"column":21},"end":{"line":158,"column":57}},"type":"cond-expr","locations":[{"start":{"line":158,"column":48},"end":{"line":158,"column":51}},{"start":{"line":158,"column":54},"end":{"line":158,"column":57}}],"line":158},"16":{"loc":{"start":{"line":160,"column":8},"end":{"line":164,"column":9}},"type":"if","locations":[{"start":{"line":160,"column":8},"end":{"line":164,"column":9}},{"start":{"line":160,"column":8},"end":{"line":164,"column":9}}],"line":160},"17":{"loc":{"start":{"line":165,"column":13},"end":{"line":169,"column":7}},"type":"if","locations":[{"start":{"line":165,"column":13},"end":{"line":169,"column":7}},{"start":{"line":165,"column":13},"end":{"line":169,"column":7}}],"line":165},"18":{"loc":{"start":{"line":182,"column":6},"end":{"line":199,"column":7}},"type":"if","locations":[{"start":{"line":182,"column":6},"end":{"line":199,"column":7}},{"start":{"line":182,"column":6},"end":{"line":199,"column":7}}],"line":182},"19":{"loc":{"start":{"line":188,"column":21},"end":{"line":188,"column":54}},"type":"cond-expr","locations":[{"start":{"line":188,"column":45},"end":{"line":188,"column":48}},{"start":{"line":188,"column":51},"end":{"line":188,"column":54}}],"line":188},"20":{"loc":{"start":{"line":190,"column":8},"end":{"line":194,"column":9}},"type":"if","locations":[{"start":{"line":190,"column":8},"end":{"line":194,"column":9}},{"start":{"line":190,"column":8},"end":{"line":194,"column":9}}],"line":190},"21":{"loc":{"start":{"line":195,"column":13},"end":{"line":199,"column":7}},"type":"if","locations":[{"start":{"line":195,"column":13},"end":{"line":199,"column":7}},{"start":{"line":195,"column":13},"end":{"line":199,"column":7}}],"line":195},"22":{"loc":{"start":{"line":211,"column":6},"end":{"line":230,"column":7}},"type":"if","locations":[{"start":{"line":211,"column":6},"end":{"line":230,"column":7}},{"start":{"line":211,"column":6},"end":{"line":230,"column":7}}],"line":211},"23":{"loc":{"start":{"line":218,"column":21},"end":{"line":218,"column":57}},"type":"cond-expr","locations":[{"start":{"line":218,"column":48},"end":{"line":218,"column":51}},{"start":{"line":218,"column":54},"end":{"line":218,"column":57}}],"line":218},"24":{"loc":{"start":{"line":221,"column":8},"end":{"line":225,"column":9}},"type":"if","locations":[{"start":{"line":221,"column":8},"end":{"line":225,"column":9}},{"start":{"line":221,"column":8},"end":{"line":225,"column":9}}],"line":221},"25":{"loc":{"start":{"line":226,"column":13},"end":{"line":230,"column":7}},"type":"if","locations":[{"start":{"line":226,"column":13},"end":{"line":230,"column":7}},{"start":{"line":226,"column":13},"end":{"line":230,"column":7}}],"line":226},"26":{"loc":{"start":{"line":243,"column":6},"end":{"line":260,"column":7}},"type":"if","locations":[{"start":{"line":243,"column":6},"end":{"line":260,"column":7}},{"start":{"line":243,"column":6},"end":{"line":260,"column":7}}],"line":243},"27":{"loc":{"start":{"line":249,"column":21},"end":{"line":249,"column":54}},"type":"cond-expr","locations":[{"start":{"line":249,"column":45},"end":{"line":249,"column":48}},{"start":{"line":249,"column":51},"end":{"line":249,"column":54}}],"line":249},"28":{"loc":{"start":{"line":251,"column":8},"end":{"line":255,"column":9}},"type":"if","locations":[{"start":{"line":251,"column":8},"end":{"line":255,"column":9}},{"start":{"line":251,"column":8},"end":{"line":255,"column":9}}],"line":251},"29":{"loc":{"start":{"line":256,"column":13},"end":{"line":260,"column":7}},"type":"if","locations":[{"start":{"line":256,"column":13},"end":{"line":260,"column":7}},{"start":{"line":256,"column":13},"end":{"line":260,"column":7}}],"line":256}},"s":{"0":1,"1":1,"2":1,"3":7,"4":7,"5":7,"6":7,"7":7,"8":7,"9":1,"10":1,"11":1,"12":1,"13":0,"14":1,"15":1,"16":1,"17":1,"18":1,"19":1,"20":1,"21":1,"22":1,"23":1,"24":1,"25":1,"26":1,"27":1,"28":1,"29":1,"30":1,"31":1,"32":1,"33":1,"34":9,"35":2,"36":0,"37":1,"38":2,"39":2,"40":1,"41":3,"42":3,"43":3,"44":1,"45":1,"46":2,"47":1,"48":1,"49":3,"50":6,"51":6,"52":6,"53":6,"54":6,"55":5,"56":5,"57":5,"58":4,"59":4,"60":4,"61":4,"62":1,"63":1,"64":6,"65":4,"66":4,"67":4,"68":4,"69":4,"70":4,"71":4,"72":4,"73":4,"74":4,"75":4,"76":3,"77":3,"78":3,"79":1,"80":1,"81":4,"82":4,"83":4,"84":4,"85":2,"86":2,"87":2,"88":2,"89":1,"90":1,"91":2,"92":1,"93":1,"94":4,"95":6,"96":6,"97":4,"98":4,"99":4,"100":4,"101":2,"102":2,"103":2,"104":1,"105":1,"106":6,"107":4,"108":4,"109":4,"110":2,"111":2,"112":2,"113":2,"114":2,"115":1,"116":1,"117":2,"118":1,"119":1,"120":4,"121":6,"122":6,"123":6,"124":4,"125":4,"126":4,"127":4,"128":3,"129":1,"130":2,"131":1,"132":1,"133":6,"134":1,"135":1},"f":{"0":1,"1":1,"2":1,"3":9,"4":2,"5":1,"6":2,"7":3,"8":6,"9":4,"10":4,"11":6,"12":4,"13":6},"b":{"0":[7,7],"1":[7,0],"2":[1,0],"3":[0,1],"4":[4,5],"5":[9,9],"6":[0,2],"7":[1,2],"8":[1,1],"9":[5,1],"10":[4,1],"11":[1,3],"12":[3,1],"13":[4,4],"14":[2,2],"15":[1,1],"16":[1,1],"17":[1,1],"18":[4,2],"19":[2,2],"20":[2,2],"21":[1,1],"22":[2,2],"23":[1,1],"24":[1,1],"25":[1,1],"26":[4,2],"27":[1,3],"28":[3,1],"29":[1,1]},"_coverageSchema":"43e27e138ebf9cfc5966b082cf9a028302ed4184","hash":"affab9102b85b8555c056cfb81a9c29f3524e340","contentHash":"e7921328877f08ac340de821a39f157d"},"C:\\Users\\Proception\\Desktop\\And challenge\\Andela Challenge BootCamp\\Fast Food Fast Project\\fast-food-app\\models\\users.js":{"path":"C:\\Users\\Proception\\Desktop\\And challenge\\Andela Challenge BootCamp\\Fast Food Fast Project\\fast-food-app\\models\\users.js","statementMap":{"0":{"start":{"line":3,"column":0},"end":{"line":5,"column":3}},"1":{"start":{"line":7,"column":50},"end":{"line":7,"column":151}},"2":{"start":{"line":7,"column":92},"end":{"line":7,"column":149}},"3":{"start":{"line":9,"column":12},"end":{"line":18,"column":1}},"4":{"start":{"line":10,"column":2},"end":{"line":10,"column":31}},"5":{"start":{"line":12,"column":2},"end":{"line":12,"column":21}},"6":{"start":{"line":13,"column":2},"end":{"line":13,"column":27}},"7":{"start":{"line":14,"column":2},"end":{"line":14,"column":25}},"8":{"start":{"line":15,"column":2},"end":{"line":15,"column":27}},"9":{"start":{"line":16,"column":2},"end":{"line":16,"column":33}},"10":{"start":{"line":17,"column":2},"end":{"line":17,"column":23}},"11":{"start":{"line":20,"column":0},"end":{"line":20,"column":24}}},"fnMap":{"0":{"name":"_classCallCheck","decl":{"start":{"line":7,"column":9},"end":{"line":7,"column":24}},"loc":{"start":{"line":7,"column":48},"end":{"line":7,"column":153}},"line":7},"1":{"name":"Users","decl":{"start":{"line":9,"column":21},"end":{"line":9,"column":26}},"loc":{"start":{"line":9,"column":84},"end":{"line":18,"column":1}},"line":9}},"branchMap":{"0":{"loc":{"start":{"line":7,"column":50},"end":{"line":7,"column":151}},"type":"if","locations":[{"start":{"line":7,"column":50},"end":{"line":7,"column":151}},{"start":{"line":7,"column":50},"end":{"line":7,"column":151}}],"line":7}},"s":{"0":1,"1":4,"2":0,"3":1,"4":4,"5":4,"6":4,"7":4,"8":4,"9":4,"10":4,"11":1},"f":{"0":4,"1":4},"b":{"0":[0,4]},"_coverageSchema":"43e27e138ebf9cfc5966b082cf9a028302ed4184","hash":"152dc3d8c4797eff668e6c1d56d4927705f7800b","contentHash":"005122f1cbecaf379c830b2d32c95b2c"},"C:\\Users\\Proception\\Desktop\\And challenge\\Andela Challenge BootCamp\\Fast Food Fast Project\\fast-food-app\\db\\users.js":{"path":"C:\\Users\\Proception\\Desktop\\And challenge\\Andela Challenge BootCamp\\Fast Food Fast Project\\fast-food-app\\db\\users.js","statementMap":{"0":{"start":{"line":3,"column":0},"end":{"line":48,"column":2}},"1":{"start":{"line":5,"column":16},"end":{"line":9,"column":5}},"2":{"start":{"line":10,"column":4},"end":{"line":10,"column":17}},"3":{"start":{"line":13,"column":16},"end":{"line":18,"column":5}},"4":{"start":{"line":19,"column":4},"end":{"line":19,"column":17}},"5":{"start":{"line":22,"column":16},"end":{"line":27,"column":5}},"6":{"start":{"line":28,"column":4},"end":{"line":28,"column":17}},"7":{"start":{"line":31,"column":16},"end":{"line":36,"column":5}},"8":{"start":{"line":37,"column":4},"end":{"line":37,"column":17}},"9":{"start":{"line":40,"column":16},"end":{"line":45,"column":5}},"10":{"start":{"line":46,"column":4},"end":{"line":46,"column":17}}},"fnMap":{"0":{"name":"queryAllUsers","decl":{"start":{"line":4,"column":26},"end":{"line":4,"column":39}},"loc":{"start":{"line":4,"column":42},"end":{"line":11,"column":3}},"line":4},"1":{"name":"queryUser","decl":{"start":{"line":12,"column":22},"end":{"line":12,"column":31}},"loc":{"start":{"line":12,"column":39},"end":{"line":20,"column":3}},"line":12},"2":{"name":"updateUser","decl":{"start":{"line":21,"column":23},"end":{"line":21,"column":33}},"loc":{"start":{"line":21,"column":49},"end":{"line":29,"column":3}},"line":21},"3":{"name":"deleteUser","decl":{"start":{"line":30,"column":23},"end":{"line":30,"column":33}},"loc":{"start":{"line":30,"column":41},"end":{"line":38,"column":3}},"line":30},"4":{"name":"createUser","decl":{"start":{"line":39,"column":23},"end":{"line":39,"column":33}},"loc":{"start":{"line":39,"column":91},"end":{"line":47,"column":3}},"line":39}},"branchMap":{},"s":{"0":1,"1":1,"2":1,"3":12,"4":12,"5":2,"6":2,"7":4,"8":4,"9":3,"10":3},"f":{"0":1,"1":12,"2":2,"3":4,"4":3},"b":{},"_coverageSchema":"43e27e138ebf9cfc5966b082cf9a028302ed4184","hash":"f7af4f8a59e394bc3fd5eb314be58264b353a0d1","contentHash":"8b90615e7ad790940c42f4eb53e06bd2"},"C:\\Users\\Proception\\Desktop\\And challenge\\Andela Challenge BootCamp\\Fast Food Fast Project\\fast-food-app\\routes\\menus.js":{"path":"C:\\Users\\Proception\\Desktop\\And challenge\\Andela Challenge BootCamp\\Fast Food Fast Project\\fast-food-app\\routes\\menus.js","statementMap":{"0":{"start":{"line":3,"column":0},"end":{"line":5,"column":3}},"1":{"start":{"line":7,"column":22},"end":{"line":7,"column":62}},"2":{"start":{"line":9,"column":23},"end":{"line":9,"column":62}},"3":{"start":{"line":11,"column":39},"end":{"line":11,"column":93}},"4":{"start":{"line":13,"column":14},"end":{"line":13,"column":32}},"5":{"start":{"line":16,"column":13},"end":{"line":16,"column":29}},"6":{"start":{"line":18,"column":15},"end":{"line":18,"column":21}},"7":{"start":{"line":20,"column":12},"end":{"line":20,"column":50}},"8":{"start":{"line":23,"column":0},"end":{"line":28,"column":3}},"9":{"start":{"line":25,"column":15},"end":{"line":25,"column":48}},"10":{"start":{"line":27,"column":2},"end":{"line":27,"column":39}},"11":{"start":{"line":31,"column":0},"end":{"line":35,"column":3}},"12":{"start":{"line":33,"column":15},"end":{"line":33,"column":44}},"13":{"start":{"line":34,"column":2},"end":{"line":34,"column":39}},"14":{"start":{"line":38,"column":0},"end":{"line":42,"column":3}},"15":{"start":{"line":40,"column":15},"end":{"line":40,"column":47}},"16":{"start":{"line":41,"column":2},"end":{"line":41,"column":39}},"17":{"start":{"line":44,"column":0},"end":{"line":48,"column":3}},"18":{"start":{"line":46,"column":15},"end":{"line":46,"column":47}},"19":{"start":{"line":47,"column":2},"end":{"line":47,"column":39}},"20":{"start":{"line":50,"column":0},"end":{"line":54,"column":3}},"21":{"start":{"line":52,"column":15},"end":{"line":52,"column":47}},"22":{"start":{"line":53,"column":2},"end":{"line":53,"column":39}},"23":{"start":{"line":55,"column":0},"end":{"line":55,"column":25}}},"fnMap":{"0":{"name":"_interopRequireDefault","decl":{"start":{"line":11,"column":9},"end":{"line":11,"column":31}},"loc":{"start":{"line":11,"column":37},"end":{"line":11,"column":95}},"line":11},"1":{"name":"(anonymous_1)","decl":{"start":{"line":23,"column":16},"end":{"line":23,"column":17}},"loc":{"start":{"line":23,"column":42},"end":{"line":28,"column":1}},"line":23},"2":{"name":"(anonymous_2)","decl":{"start":{"line":31,"column":23},"end":{"line":31,"column":24}},"loc":{"start":{"line":31,"column":49},"end":{"line":35,"column":1}},"line":31},"3":{"name":"(anonymous_3)","decl":{"start":{"line":38,"column":17},"end":{"line":38,"column":18}},"loc":{"start":{"line":38,"column":43},"end":{"line":42,"column":1}},"line":38},"4":{"name":"(anonymous_4)","decl":{"start":{"line":44,"column":23},"end":{"line":44,"column":24}},"loc":{"start":{"line":44,"column":49},"end":{"line":48,"column":1}},"line":44},"5":{"name":"(anonymous_5)","decl":{"start":{"line":50,"column":26},"end":{"line":50,"column":27}},"loc":{"start":{"line":50,"column":52},"end":{"line":54,"column":1}},"line":50}},"branchMap":{"0":{"loc":{"start":{"line":11,"column":46},"end":{"line":11,"column":92}},"type":"cond-expr","locations":[{"start":{"line":11,"column":70},"end":{"line":11,"column":73}},{"start":{"line":11,"column":76},"end":{"line":11,"column":92}}],"line":11},"1":{"loc":{"start":{"line":11,"column":46},"end":{"line":11,"column":67}},"type":"binary-expr","locations":[{"start":{"line":11,"column":46},"end":{"line":11,"column":49}},{"start":{"line":11,"column":53},"end":{"line":11,"column":67}}],"line":11}},"s":{"0":1,"1":1,"2":1,"3":1,"4":1,"5":1,"6":1,"7":1,"8":1,"9":3,"10":3,"11":1,"12":4,"13":4,"14":1,"15":4,"16":4,"17":1,"18":4,"19":4,"20":1,"21":4,"22":4,"23":1},"f":{"0":1,"1":3,"2":4,"3":4,"4":4,"5":4},"b":{"0":[1,0],"1":[1,1]},"_coverageSchema":"43e27e138ebf9cfc5966b082cf9a028302ed4184","hash":"4c21aa998f6513edcfa3b9b3102c00587add2ca5","contentHash":"281188febe46265fdcf2569fe648eb52"},"C:\\Users\\Proception\\Desktop\\And challenge\\Andela Challenge BootCamp\\Fast Food Fast Project\\fast-food-app\\controllers\\menuController.js":{"path":"C:\\Users\\Proception\\Desktop\\And challenge\\Andela Challenge BootCamp\\Fast Food Fast Project\\fast-food-app\\controllers\\menuController.js","statementMap":{"0":{"start":{"line":3,"column":0},"end":{"line":5,"column":3}},"1":{"start":{"line":7,"column":19},"end":{"line":7,"column":563}},"2":{"start":{"line":7,"column":76},"end":{"line":7,"column":347}},"3":{"start":{"line":7,"column":134},"end":{"line":7,"column":142}},"4":{"start":{"line":7,"column":144},"end":{"line":7,"column":199}},"5":{"start":{"line":7,"column":200},"end":{"line":7,"column":231}},"6":{"start":{"line":7,"column":232},"end":{"line":7,"column":286}},"7":{"start":{"line":7,"column":259},"end":{"line":7,"column":286}},"8":{"start":{"line":7,"column":287},"end":{"line":7,"column":345}},"9":{"start":{"line":7,"column":350},"end":{"line":7,"column":559}},"10":{"start":{"line":7,"column":407},"end":{"line":7,"column":475}},"11":{"start":{"line":7,"column":423},"end":{"line":7,"column":475}},"12":{"start":{"line":7,"column":476},"end":{"line":7,"column":536}},"13":{"start":{"line":7,"column":493},"end":{"line":7,"column":536}},"14":{"start":{"line":7,"column":537},"end":{"line":7,"column":556}},"15":{"start":{"line":9,"column":9},"end":{"line":9,"column":27}},"16":{"st
[...]
"line":148,"column":100}},"82":{"start":{"line":151,"column":10},"end":{"line":151,"column":94}},"83":{"start":{"line":154,"column":13},"end":{"line":158,"column":7}},"84":{"start":{"line":155,"column":8},"end":{"line":155,"column":109}},"85":{"start":{"line":157,"column":8},"end":{"line":157,"column":91}},"86":{"start":{"line":159,"column":6},"end":{"line":159,"column":27}},"87":{"start":{"line":167,"column":18},"end":{"line":167,"column":82}},"88":{"start":{"line":168,"column":6},"end":{"line":168,"column":46}},"89":{"start":{"line":170,"column":6},"end":{"line":187,"column":7}},"90":{"start":{"line":171,"column":21},"end":{"line":171,"column":38}},"91":{"start":{"line":174,"column":21},"end":{"line":174,"column":84}},"92":{"start":{"line":176,"column":21},"end":{"line":176,"column":54}},"93":{"start":{"line":178,"column":8},"end":{"line":182,"column":9}},"94":{"start":{"line":179,"column":10},"end":{"line":179,"column":101}},"95":{"start":{"line":181,"column":10},"end":{"line":181,"column":92}},"96":{"start":{"line":183,"column":13},"end":{"line":187,"column":7}},"97":{"start":{"line":184,"column":8},"end":{"line":184,"column":109}},"98":{"start":{"line":186,"column":8},"end":{"line":186,"column":91}},"99":{"start":{"line":188,"column":6},"end":{"line":188,"column":27}},"100":{"start":{"line":192,"column":2},"end":{"line":192,"column":24}},"101":{"start":{"line":195,"column":0},"end":{"line":195,"column":33}}},"fnMap":{"0":{"name":"(anonymous_0)","decl":{"start":{"line":7,"column":19},"end":{"line":7,"column":20}},"loc":{"start":{"line":7,"column":31},"end":{"line":7,"column":561}},"line":7},"1":{"name":"defineProperties","decl":{"start":{"line":7,"column":42},"end":{"line":7,"column":58}},"loc":{"start":{"line":7,"column":74},"end":{"line":7,"column":349}},"line":7},"2":{"name":"(anonymous_2)","decl":{"start":{"line":7,"column":357},"end":{"line":7,"column":358}},"loc":{"start":{"line":7,"column":405},"end":{"line":7,"column":558}},"line":7},"3":{"name":"_interopRequireDefault","decl":{"start":{"line":39,"column":9},"end":{"line":39,"column":31}},"loc":{"start":{"line":39,"column":37},"end":{"line":39,"column":95}},"line":39},"4":{"name":"_classCallCheck","decl":{"start":{"line":41,"column":9},"end":{"line":41,"column":24}},"loc":{"start":{"line":41,"column":48},"end":{"line":41,"column":153}},"line":41},"5":{"name":"(anonymous_5)","decl":{"start":{"line":43,"column":21},"end":{"line":43,"column":22}},"loc":{"start":{"line":43,"column":33},"end":{"line":193,"column":1}},"line":43},"6":{"name":"MenuController","decl":{"start":{"line":44,"column":11},"end":{"line":44,"column":25}},"loc":{"start":{"line":44,"column":36},"end":{"line":48,"column":3}},"line":44},"7":{"name":"getMenuList","decl":{"start":{"line":55,"column":26},"end":{"line":55,"column":37}},"loc":{"start":{"line":55,"column":43},"end":{"line":69,"column":5}},"line":55},"8":{"name":"createMenu","decl":{"start":{"line":75,"column":26},"end":{"line":75,"column":36}},"loc":{"start":{"line":75,"column":42},"end":{"line":99,"column":5}},"line":75},"9":{"name":"getMenu","decl":{"start":{"line":105,"column":26},"end":{"line":105,"column":33}},"loc":{"start":{"line":105,"column":39},"end":{"line":127,"column":5}},"line":105},"10":{"name":"updateMenu","decl":{"start":{"line":133,"column":26},"end":{"line":133,"column":36}},"loc":{"start":{"line":133,"column":42},"end":{"line":160,"column":5}},"line":133},"11":{"name":"deleteMenu","decl":{"start":{"line":166,"column":26},"end":{"line":166,"column":36}},"loc":{"start":{"line":166,"column":42},"end":{"line":189,"column":5}},"line":166}},"branchMap":{"0":{"loc":{"start":{"line":7,"column":168},"end":{"line":7,"column":198}},"type":"binary-expr","locations":[{"start":{"line":7,"column":168},"end":{"line":7,"column":189}},{"start":{"line":7,"column":193},"end":{"line":7,"column":198}}],"line":7},"1":{"loc":{"start":{"line":7,"column":232},"end":{"line":7,"column":286}},"type":"if","locations":[{"start":{"line":7,"column":232},"end":{"line":7,"column":286}},{"start":{"line":7,"column":232},"end":{"line":7,"column":286}}],"line":7},"2":{"loc":{"start":{"line":7,"column":407},"end":{"line":7,"column":475}},"type":"if","locations":[{"start":{"line":7,"column":407},"end":{"line":7,"column":475}},{"start":{"line":7,"column":407},"end":{"line":7,"column":475}}],"line":7},"3":{"loc":{"start":{"line":7,"column":476},"end":{"line":7,"column":536}},"type":"if","locations":[{"start":{"line":7,"column":476},"end":{"line":7,"column":536}},{"start":{"line":7,"column":476},"end":{"line":7,"column":536}}],"line":7},"4":{"loc":{"start":{"line":39,"column":46},"end":{"line":39,"column":92}},"type":"cond-expr","locations":[{"start":{"line":39,"column":70},"end":{"line":39,"column":73}},{"start":{"line":39,"column":76},"end":{"line":39,"column":92}}],"line":39},"5":{"loc":{"start":{"line":39,"column":46},"end":{"line":39,"column":67}},"type":"binary-expr","locations":[{"start":{"line":39,"column":46},"end":{"line":39,"column":49}},{"start":{"line":39,"column":53},"end":{"line":39,"column":67}}],"line":39},"6":{"loc":{"start":{"line":41,"column":50},"end":{"line":41,"column":151}},"type":"if","locations":[{"start":{"line":41,"column":50},"end":{"line":41,"column":151}},{"start":{"line":41,"column":50},"end":{"line":41,"column":151}}],"line":41},"7":{"loc":{"start":{"line":59,"column":6},"end":{"line":67,"column":7}},"type":"if","locations":[{"start":{"line":59,"column":6},"end":{"line":67,"column":7}},{"start":{"line":59,"column":6},"end":{"line":67,"column":7}}],"line":59},"8":{"loc":{"start":{"line":63,"column":13},"end":{"line":67,"column":7}},"type":"if","locations":[{"start":{"line":63,"column":13},"end":{"line":67,"column":7}},{"start":{"line":63,"column":13},"end":{"line":67,"column":7}}],"line":63},"9":{"loc":{"start":{"line":79,"column":6},"end":{"line":96,"column":7}},"type":"if","locations":[{"start":{"line":79,"column":6},"end":{"line":96,"column":7}},{"start":{"line":79,"column":6},"end":{"line":96,"column":7}}],"line":79},"10":{"loc":{"start":{"line":84,"column":8},"end":{"line":91,"column":9}},"type":"if","locations":[{"start":{"line":84,"column":8},"end":{"line":91,"column":9}},{"start":{"line":84,"column":8},"end":{"line":91,"column":9}}],"line":84},"11":{"loc":{"start":{"line":92,"column":13},"end":{"line":96,"column":7}},"type":"if","locations":[{"start":{"line":92,"column":13},"end":{"line":96,"column":7}},{"start":{"line":92,"column":13},"end":{"line":96,"column":7}}],"line":92},"12":{"loc":{"start":{"line":109,"column":6},"end":{"line":125,"column":7}},"type":"if","locations":[{"start":{"line":109,"column":6},"end":{"line":125,"column":7}},{"start":{"line":109,"column":6},"end":{"line":125,"column":7}}],"line":109},"13":{"loc":{"start":{"line":113,"column":21},"end":{"line":113,"column":57}},"type":"cond-expr","locations":[{"start":{"line":113,"column":48},"end":{"line":113,"column":51}},{"start":{"line":113,"column":54},"end":{"line":113,"column":57}}],"line":113},"14":{"loc":{"start":{"line":114,"column":8},"end":{"line":120,"column":9}},"type":"if","locations":[{"start":{"line":114,"column":8},"end":{"line":120,"column":9}},{"start":{"line":114,"column":8},"end":{"line":120,"column":9}}],"line":114},"15":{"loc":{"start":{"line":121,"column":13},"end":{"line":125,"column":7}},"type":"if","locations":[{"start":{"line":121,"column":13},"end":{"line":125,"column":7}},{"start":{"line":121,"column":13},"end":{"line":125,"column":7}}],"line":121},"16":{"loc":{"start":{"line":137,"column":6},"end":{"line":158,"column":7}},"type":"if","locations":[{"start":{"line":137,"column":6},"end":{"line":158,"column":7}},{"start":{"line":137,"column":6},"end":{"line":158,"column":7}}],"line":137},"17":{"loc":{"start":{"line":145,"column":21},"end":{"line":145,"column":57}},"type":"cond-expr","locations":[{"start":{"line":145,"column":48},"end":{"line":145,"column":51}},{"start":{"line":145,"column":54},"end":{"line":145,"column":57}}],"line":145},"18":{"loc":{"start":{"line":147,"column":8},"end":{"line":153,"column":9}},"type":"if","locations":[{"start":{"line":147,"column":8},"end":{"line":153,"column":9}},{"start":{"line":147,"column":8},"end":{"line":153,"column":9}}],"line":147},"19":{"loc":{"start":{"line":154,"column":13},"end":{"line":158,"column":7}},"type":"if","locations":[{"start":{"line":154,"column":13},"end":{"line":158,"column":7}},{"start":{"line":154,"column":13},"end":{"line":158,"column":7}}],"line":154},"20":{"loc":{"start":{"line":170,"column":6},"end":{"line":187,"column":7}},"type":"if","locations":[{"start":{"line":170,"column":6},"end":{"line":187,"column":7}},{"start":{"line":170,"column":6},"end":{"line":187,"column":7}}],"line":170},"21":{"loc":{"start":{"line":176,"column":21},"end":{"line":176,"column":54}},"type":"cond-expr","locations":[{"start":{"line":176,"column":45},"end":{"line":176,"column":48}},{"start":{"line":176,"column":51},"end":{"line":176,"column":54}}],"line":176},"22":{"loc":{"start":{"line":178,"column":8},"end":{"line":182,"column":9}},"type":"if","locations":[{"start":{"line":178,"column":8},"end":{"line":182,"column":9}},{"start":{"line":178,"column":8},"end":{"line":182,"column":9}}],"line":178},"23":{"loc":{"start":{"line":183,"column":13},"end":{"line":187,"column":7}},"type":"if","locations":[{"start":{"line":183,"column":13},"end":{"line":187,"column":7}},{"start":{"line":183,"column":13},"end":{"line":187,"column":7}}],"line":183}},"s":{"0":1,"1":1,"2":1,"3":5,"4":5,"5":5,"6":5,"7":5,"8":5,"9":1,"10":1,"11":1,"12":1,"13":0,"14":1,"15":1,"16":1,"17":1,"18":1,"19":1,"20":1,"21":1,"22":1,"23":1,"24":1,"25":1,"26":1,"27":1,"28":1,"29":1,"30":7,"31":1,"32":0,"33":1,"34":1,"35":1,"36":1,"37":3,"38":3,"39":1,"40":1,"41":2,"42":1,"43":1,"44":3,"45":4,"46":4,"47":4,"48":2,"49":2,"50":2,"51":1,"52":1,"53":1,"54":1,"55":1,"56":2,"57":1,"58":1,"59":4,"60":4,"61":4,"62":4,"63":2,"64":2,"65":2,"66":2,"67":1,"68":1,"69":2,"70":1,"71":1,"72":4,"73":4,"74":4,"75":4,"76":2,"77":2,"78":2,"79":2,"80":2,"81":1,"82":1,"83":2,"84":1,"85":1,"86":4,"87":4,"88":4,"89":4,"90":2,"91":2,"92":2,"93":2,"94":1,"95":1,"96":2,"97":1,"98":1,"99":4,"100":1,"101":1},"f":{"0":1,"1":1,"2":1,"3":7,"4":1,"5":1,"6":1,"7":3,"8":4,"9":4,"10":4,"11":4},"b":{"0":[5,5],"1":[5,0],"2":[1,0],"3":[0,1],"4":[4,3],"5":[7,7],"6":[0,1],"7":[1,2],"8":[1,1],"9":[2,2],"10":[1,1],"11":[1,1],"12":[2,2],"13":[1,1],"14":[1,1],"15":[1,1],"16":[2,2],"17":[1,1],"18":[1,1],"19":[1,1],"20":[2,2],"21":[1,1],"22":[1,1],"23":[1,1]},"_coverageSchema":"43e27e138ebf9cfc5966b082cf9a028302ed4184","hash":"3fce3841b0900250743d3b4974a04fa4e6168249","contentHash":"492baff322f8280cdac70fa85d95cc59"},"C:\\Users\\Proception\\Desktop\\And challenge\\Andela Challenge BootCamp\\Fast Food Fast Project\\fast-food-app\\models\\menus.js":{"path":"C:\\Users\\Proception\\Desktop\\And challenge\\Andela Challenge BootCamp\\Fast Food Fast Project\\fast-food-app\\models\\menus.js","statementMap":{"0":{"start":{"line":3,"column":0},"end":{"line":5,"column":3}},"1":{"start":{"line":7,"column":50},"end":{"line":7,"column":151}},"2":{"start":{"line":7,"column":92},"end":{"line":7,"column":149}},"3":{"start":{"line":9,"column":12},"end":{"line":20,"column":1}},"4":{"start":{"line":10,"column":2},"end":{"line":10,"column":31}},"5":{"start":{"line":12,"column":2},"end":{"line":12,"column":23}},"6":{"start":{"line":13,"column":2},"end":{"line":13,"column":19}},"7":{"start":{"line":14,"column":2},"end":{"line":14,"column":21}},"8":{"start":{"line":15,"column":2},"end":{"line":15,"column":27}},"9":{"start":{"line":16,"column":2},"end":{"line":16,"column":19}},"10":{"start":{"line":17,"column":2},"end":{"line":17,"column":33}},"11":{"start":{"line":18,"column":2},"end":{"line":18,"column":29}},"12":{"start":{"line":19,"column":2},"end":{"line":19,"column":23}},"13":{"start":{"line":22,"column":0},"end":{"line":22,"column":24}}},"fnMap":{"0":{"name":"_classCallCheck","decl":{"start":{"line":7,"column":9},"end":{"line":7,"column":24}},"loc":{"start":{"line":7,"column":48},"end":{"line":7,"column":153}},"line":7},"1":{"name":"Menus","decl":{"start":{"line":9,"column":21},"end":{"line":9,"column":26}},"loc":{"start":{"line":9,"column":96},"end":{"line":20,"column":1}},"line":9}},"branchMap":{"0":{"loc":{"start":{"line":7,"column":50},"end":{"line":7,"column":151}},"type":"if","locations":[{"start":{"line":7,"column":50},"end":{"line":7,"column":151}},{"start":{"line":7,"column":50},"end":{"line":7,"column":151}}],"line":7}},"s":{"0":1,"1":2,"2":0,"3":1,"4":2,"5":2,"6":2,"7":2,"8":2,"9":2,"10":2,"11":2,"12":2,"13":1},"f":{"0":2,"1":2},"b":{"0":[0,2]},"_coverageSchema":"43e27e138ebf9cfc5966b082cf9a028302ed4184","hash":"062c19e879029efe503f16e54554469f37d0bcfa","contentHash":"4220a3f04af3fe82051d8e3616dd7e98"},"C:\\Users\\Proception\\Desktop\\And challenge\\Andela Challenge BootCamp\\Fast Food Fast Project\\fast-food-app\\db\\menus.js":{"path":"C:\\Users\\Proception\\Desktop\\And challenge\\Andela Challenge BootCamp\\Fast Food Fast Project\\fast-food-app\\db\\menus.js","statementMap":{"0":{"start":{"line":3,"column":0},"end":{"line":48,"column":2}},"1":{"start":{"line":5,"column":16},"end":{"line":9,"column":5}},"2":{"start":{"line":10,"column":4},"end":{"line":10,"column":17}},"3":{"start":{"line":13,"column":16},"end":{"line":18,"column":5}},"4":{"start":{"line":19,"column":4},"end":{"line":19,"column":17}},"5":{"start":{"line":22,"column":16},"end":{"line":27,"column":5}},"6":{"start":{"line":28,"column":4},"end":{"line":28,"column":17}},"7":{"start":{"line":31,"column":16},"end":{"line":36,"column":5}},"8":{"start":{"line":37,"column":4},"end":{"line":37,"column":17}},"9":{"start":{"line":40,"column":16},"end":{"line":45,"column":5}},"10":{"start":{"line":46,"column":4},"end":{"line":46,"column":17}}},"fnMap":{"0":{"name":"queryAllMenus","decl":{"start":{"line":4,"column":26},"end":{"line":4,"column":39}},"loc":{"start":{"line":4,"column":42},"end":{"line":11,"column":3}},"line":4},"1":{"name":"queryMenu","decl":{"start":{"line":12,"column":22},"end":{"line":12,"column":31}},"loc":{"start":{"line":12,"column":40},"end":{"line":20,"column":3}},"line":12},"2":{"name":"updateMenu","decl":{"start":{"line":21,"column":23},"end":{"line":21,"column":33}},"loc":{"start":{"line":21,"column":49},"end":{"line":29,"column":3}},"line":21},"3":{"name":"deleteMenu","decl":{"start":{"line":30,"column":23},"end":{"line":30,"column":33}},"loc":{"start":{"line":30,"column":42},"end":{"line":38,"column":3}},"line":30},"4":{"name":"createMenu","decl":{"start":{"line":39,"column":23},"end":{"line":39,"column":33}},"loc":{"start":{"line":39,"column":101},"end":{"line":47,"column":3}},"line":39}},"branchMap":{},"s":{"0":1,"1":1,"2":1,"3":2,"4":2,"5":2,"6":2,"7":2,"8":2,"9":2,"10":2},"f":{"0":1,"1":2,"2":2,"3":2,"4":2},"b":{},"_coverageSchema":"43e27e138ebf9cfc5966b082cf9a028302ed4184","hash":"6a6214461a6fbc1f171faec066374c0e859a532d","contentHash":"b896f5ba2de3beffbfe7982d866b2dcd"},"C:\\Users\\Proception\\Desktop\\And challenge\\Andela Challenge BootCamp\\Fast Food Fast Project\\fast-food-app\\routes\\index.js":{"path":"C:\\Users\\Proception\\Desktop\\And challenge\\Andela Challenge BootCamp\\Fast Food Fast Project\\fast-food-app\\routes\\index.js","statementMap":{"0":{"start":{"line":3,"column":0},"end":{"line":5,"column":3}},"1":{"start":{"line":7,"column":16},"end":{"line":7,"column":45}},"2":{"start":{"line":9,"column":17},"end":{"line":9,"column":50}},"3":{"start":{"line":11,"column":39},"end":{"line":11,"column":93}},"4":{"start":{"line":13,"column":14},"end":{"line":13,"column":32}},"5":{"start":{"line":15,"column":13},"end":{"line":15,"column":29}},"6":{"start":{"line":17,"column":15},"end":{"line":17,"column":21}},"7":{"start":{"line":20,"column":0},"end":{"line":25,"column":3}},"8":{"start":{"line":22,"column":2},"end":{"line":22,"column":82}},"9":{"start":{"line":24,"column":2},"end":{"line":24,"column":43}},"10":{"start":{"line":27,"column":0},"end":{"line":27,"column":25}}},"fnMap":{"0":{"name":"_interopRequireDefault","decl":{"start":{"line":11,"column":9},"end":{"line":11,"column":31}},"loc":{"start":{"line":11,"column":37},"end":{"line":11,"column":95}},"line":11},"1":{"name":"(anonymous_1)","decl":{"start":{"line":20,"column":16},"end":{"line":20,"column":17}},"loc":{"start":{"line":20,"column":36},"end":{"line":25,"column":1}},"line":20}},"branchMap":{"0":{"loc":{"start":{"line":11,"column":46},"end":{"line":11,"column":92}},"type":"cond-expr","locations":[{"start":{"line":11,"column":70},"end":{"line":11,"column":73}},{"start":{"line":11,"column":76},"end":{"line":11,"column":92}}],"line":11},"1":{"loc":{"start":{"line":11,"column":46},"end":{"line":11,"column":67}},"type":"binary-expr","locations":[{"start":{"line":11,"column":46},"end":{"line":11,"column":49}},{"start":{"line":11,"column":53},"end":{"line":11,"column":67}}],"line":11}},"s":{"0":1,"1":1,"2":1,"3":1,"4":1,"5":1,"6":1,"7":1,"8":1,"9":1,"10":1},"f":{"0":1,"1":1},"b":{"0":[1,0],"1":[1,1]},"_coverageSchema":"43e27e138ebf9cfc5966b082cf9a028302ed4184","hash":"6eaf221a035a412ce5506e9ea5cca7df034fc3bd","contentHash":"c9b3d60c30bcb9ac6ed42df735f42df2"},"C:\\Users\\Proception\\Desktop\\And challenge\\Andela Challenge BootCamp\\Fast Food Fast Project\\fast-food-app\\routes\\auth.js":{"path":"C:\\Users\\Proception\\Desktop\\And challenge\\Andela Challenge BootCamp\\Fast Food Fast Project\\fast-food-app\\routes\\auth.js","statementMap":{"0":{"start":{"line":3,"column":0},"end":{"line":5,"column":3}},"1":{"start":{"line":7,"column":22},"end":{"line":7,"column":62}},"2":{"start":{"line":9,"column":23},"end":{"line":9,"column":62}},"3":{"start":{"line":11,"column":13},"end":{"line":11,"column":39}},"4":{"start":{"line":13,"column":14},"end":{"line":13,"column":44}},"5":{"start":{"line":15,"column":39},"end":{"line":15,"column":93}},"6":{"start":{"line":17,"column":14},"end":{"line":17,"column":32}},"7":{"start":{"line":19,"column":13},"end":{"line":19,"column":29}},"8":{"start":{"line":21,"column":15},"end":{"line":21,"column":21}},"9":{"start":{"line":23,"column":12},"end":{"line":23,"column":50}},"10":{"start":{"line":26,"column":0},"end":{"line":31,"column":3}},"11":{"start":{"line":28,"column":15},"end":{"line":28,"column":46}},"12":{"start":{"line":30,"column":2},"end":{"line":30,"column":39}},"13":{"start":{"line":34,"column":0},"end":{"line":38,"column":3}},"14":{"start":{"line":36,"column":15},"end":{"line":36,"column":47}},"15":{"start":{"line":37,"column":2},"end":{"line":37,"column":39}},"16":{"start":{"line":39,"column":0},"end":{"line":39,"column":25}}},"fnMap":{"0":{"name":"_interopRequireDefault","decl":{"start":{"line":15,"column":9},"end":{"line":15,"column":31}},"loc":{"start":{"line":15,"column":37},"end":{"line":15,"column":95}},"line":15},"1":{"name":"(anonymous_1)","decl":{"start":{"line":26,"column":22},"end":{"line":26,"column":23}},"loc":{"start":{"line":26,"column":48},"end":{"line":31,"column":1}},"line":26},"2":{"name":"(anonymous_2)","decl":{"start":{"line":34,"column":23},"end":{"line":34,"column":24}},"loc":{"start":{"line":34,"column":49},"end":{"line":38,"column":1}},"line":34}},"branchMap":{"0":{"loc":{"start":{"line":15,"column":46},"end":{"line":15,"column":92}},"type":"cond-expr","locations":[{"start":{"line":15,"column":70},"end":{"line":15,"column":73}},{"start":{"line":15,"column":76},"end":{"line":15,"column":92}}],"line":15},"1":{"loc":{"start":{"line":15,"column":46},"end":{"line":15,"column":67}},"type":"binary-expr","locations":[{"start":{"line":15,"column":46},"end":{"line":15,"column":49}},{"start":{"line":15,"column":53},"end":{"line":15,"column":67}}],"line":15}},"s":{"0":1,"1":1,"2":1,"3":1,"4":1,"5":2,"6":1,"7":1,"8":1,"9":1,"10":1,"11":6,"12":6,"13":1,"14":4,"15":4,"16":1},"f":{"0":2,"1":6,"2":4},"b":{"0":[2,0],"1":[2,2]},"_coverageSchema":"43e27e138ebf9cfc5966b082cf9a028302ed4184","hash":"241f2eb5d7483a270ba7d65974915fa4df794091","contentHash":"7ec64b370be220f79c4c6437f516036e"}}