TN:
SF:C:/Users/Proception/Desktop/And challenge/Andela Challenge BootCamp/Fast Food Fast Project/fast-food-app/app.js
FN:3,_interopRequireDefault
FN:7,(anonymous_1)
FNF:2
FNH:2
FNDA:5,_interopRequireDefault
FNDA:2,(anonymous_1)
DA:1,2
DA:2,2
DA:3,3
DA:5,2
DA:7,2
DA:14,2
LF:6
LH:6
BRDA:3,0,0,8
BRDA:3,0,1,7
BRF:2
BRH:2
end_of_record
TN:
SF:C:/Users/Proception/Desktop/And challenge/Andela Challenge BootCamp/Fast Food Fast Project/fast-food-app/controllers/orderController.js
FN:15,getOrderList
FN:20,createOrder
FN:40,getOrder
FN:51,updateOrder
FNF:4
FNH:4
FNDA:2,getOrderList
FNDA:3,createOrder
FNDA:3,getOrder
FNDA:3,updateOrder
DA:1,2
DA:2,2
DA:3,2
DA:6,2
DA:7,2
DA:8,2
DA:9,2
DA:11,2
DA:16,2
DA:27,3
DA:32,3
DA:36,2
DA:41,2
DA:43,2
DA:45,3
DA:53,3
DA:56,3
DA:58,3
DA:63,3
DA:68,3
LF:20
LH:20
BRDA:32,0,0,2
BRDA:32,0,1,1
BRF:2
BRH:2
end_of_record
TN:
SF:C:/Users/Proception/Desktop/And challenge/Andela Challenge BootCamp/Fast Food Fast Project/fast-food-app/controllers/userController.js
FN:12,getUserList
FN:17,createUser
FN:37,getUser
FN:47,updateUser
FN:72,deleteUser
FNF:5
FNH:5
FNDA:1,getUserList
FNDA:2,createUser
FNDA:2,getUser
FNDA:2,updateUser
FNDA:2,deleteUser
DA:1,1
DA:2,1
DA:4,1
DA:5,1
DA:6,1
DA:8,1
DA:13,1
DA:17,8
DA:21,2
DA:23,2
DA:26,2
DA:27,2
DA:30,2
DA:31,1
DA:33,2
DA:38,2
DA:40,2
DA:42,2
DA:43,2
DA:48,2
DA:50,2
DA:51,2
DA:52,2
DA:54,2
DA:57,2
DA:58,2
DA:61,2
DA:62,1
DA:66,1
DA:68,2
DA:73,2
DA:74,2
DA:75,2
LF:33
LH:33
BRDA:27,0,0,1
BRDA:27,0,1,1
BRDA:30,1,0,1
BRDA:30,1,1,1
BRDA:30,2,0,2
BRDA:30,2,1,2
BRDA:42,3,0,1
BRDA:42,3,1,1
BRDA:58,4,0,1
BRDA:58,4,1,1
BRDA:61,5,0,1
BRDA:61,5,1,1
BRDA:74,6,0,1
BRDA:74,6,1,1
BRF:14
BRH:14
end_of_record
TN:
SF:C:/Users/Proception/Desktop/And challenge/Andela Challenge BootCamp/Fast Food Fast Project/fast-food-app/models/orders.js
FN:2,Orders
FNF:1
FNH:1
FNDA:10,Orders
DA:2,10
DA:3,10
DA:4,10
DA:5,10
DA:6,10
DA:7,10
LF:6
LH:6
BRF:0
BRH:0
end_of_record
TN:
SF:C:/Users/Proception/Desktop/And challenge/Andela Challenge BootCamp/Fast Food Fast Project/fast-food-app/models/users.js
FNF:0
FNH:0
DA:2,7
DA:3,7
DA:4,7
DA:5,7
DA:6,7
LF:5
LH:5
BRF:0
BRH:0
end_of_record
TN:
SF:C:/Users/Proception/Desktop/And challenge/Andela Challenge BootCamp/Fast Food Fast Project/fast-food-app/routes/orders.js
FNF:0
FNH:0
DA:2,2
DA:4,2
DA:6,2
DA:7,2
DA:10,2
DA:13,2
DA:16,2
DA:19,2
LF:8
LH:8
BRF:0
BRH:0
end_of_record
TN:
SF:C:/Users/Proception/Desktop/And challenge/Andela Challenge BootCamp/Fast Food Fast Project/fast-food-app/routes/users.js
FNF:0
FNH:0
DA:2,1
DA:4,1
DA:6,1
DA:11,1
DA:14,1
DA:17,1
DA:20,1
DA:23,1
LF:8
LH:8
BRF:0
BRH:0
end_of_record
TN:
SF:C:/Users/Proception/Desktop/And challenge/Andela Challenge BootCamp/Fast Food Fast Project/fast-food-app/utils/validate.js
FNF:0
FNH:0
DA:1,2
DA:2,10
DA:4,9
DA:5,4
DA:8,6
LF:5
LH:5
BRF:0
BRH:0
end_of_record
